[ 2017-05-09T10:01:40+08:00 ] 221.2.52.248 /ThinkAce/Super/Security/SuperLogDate?limit=10&offset=0&_=1494295324942
INFO: [ app_begin ] --START--
INFO: Run Behavior\ReadHtmlCacheBehavior [ RunTime:0.001588s ]
INFO: [ app_begin ] --END-- [ RunTime:0.001934s ]
NOTIC: [2048] Declaration of Model\SuperModel::check() should be compatible with Think\Model::check($value, $rule, $type = 'regex') /var/www/html/ThinkAce/Model/SuperModel.class.php 第 6 行.
SQL: SHOW COLUMNS FROM `menu` [ RunTime:0.0005s ]
SQL: SELECT * FROM `menu` WHERE ( up_id=0 ) ORDER BY show_order  [ RunTime:0.0001s ]
SQL: SELECT * FROM `menu` WHERE ( up_id=146 ) ORDER BY show_order  [ RunTime:0.0001s ]
SQL: SELECT * FROM `menu` WHERE ( up_id=147 ) ORDER BY show_order  [ RunTime:0.0001s ]
SQL: SELECT * FROM `menu` WHERE ( up_id=150 ) ORDER BY show_order  [ RunTime:0.0001s ]
SQL: SELECT * FROM `menu` WHERE ( up_id=151 ) ORDER BY show_order  [ RunTime:0.0001s ]
SQL: SHOW COLUMNS FROM `super_log` [ RunTime:0.0005s ]
SQL: SELECT * FROM `super_log` WHERE ( name= 'admin'  ) ORDER BY id desc  [ RunTime:0.0010s ]
INFO: [ app_end ] --START--
INFO: Run Behavior\ShowPageTraceBehavior [ RunTime:0.000400s ]
INFO: [ app_end ] --END-- [ RunTime:0.000447s ]

[ 2017-05-09T10:01:53+08:00 ] 221.2.52.248 /ThinkAce/Super/Menu/oneMenuDate?_=1494295338704
INFO: [ app_begin ] --START--
INFO: Run Behavior\ReadHtmlCacheBehavior [ RunTime:0.000334s ]
INFO: [ app_begin ] --END-- [ RunTime:0.000572s ]
NOTIC: [2048] Declaration of Model\SuperModel::check() should be compatible with Think\Model::check($value, $rule, $type = 'regex') /var/www/html/ThinkAce/Model/SuperModel.class.php 第 6 行.
SQL: SHOW COLUMNS FROM `menu` [ RunTime:0.0006s ]
SQL: SELECT * FROM `menu` WHERE ( up_id=0 ) ORDER BY show_order  [ RunTime:0.0000s ]
SQL: SELECT * FROM `menu` WHERE ( up_id=146 ) ORDER BY show_order  [ RunTime:0.0000s ]
SQL: SELECT * FROM `menu` WHERE ( up_id=147 ) ORDER BY show_order  [ RunTime:0.0000s ]
SQL: SELECT * FROM `menu` WHERE ( up_id=150 ) ORDER BY show_order  [ RunTime:0.0001s ]
SQL: SELECT * FROM `menu` WHERE ( up_id=151 ) ORDER BY show_order  [ RunTime:0.0001s ]
SQL: SHOW COLUMNS FROM `menu` [ RunTime:0.0004s ]
SQL: SELECT * FROM `menu` WHERE ( up_id=0 ) ORDER BY show_order  [ RunTime:0.0001s ]
INFO: [ app_end ] --START--
INFO: Run Behavior\ShowPageTraceBehavior [ RunTime:0.000398s ]
INFO: [ app_end ] --END-- [ RunTime:0.000441s ]

[ 2017-05-09T10:02:25+08:00 ] 221.2.52.248 /ThinkAce/Super/Menu/oneMenuDate?_=1494295370023
INFO: [ app_begin ] --START--
INFO: Run Behavior\ReadHtmlCacheBehavior [ RunTime:0.000358s ]
INFO: [ app_begin ] --END-- [ RunTime:0.000564s ]
NOTIC: [2048] Declaration of Model\SuperModel::check() should be compatible with Think\Model::check($value, $rule, $type = 'regex') /var/www/html/ThinkAce/Model/SuperModel.class.php 第 6 行.
SQL: SHOW COLUMNS FROM `menu` [ RunTime:0.0005s ]
SQL: SELECT * FROM `menu` WHERE ( up_id=0 ) ORDER BY show_order  [ RunTime:0.0001s ]
SQL: SELECT * FROM `menu` WHERE ( up_id=146 ) ORDER BY show_order  [ RunTime:0.0000s ]
SQL: SELECT * FROM `menu` WHERE ( up_id=147 ) ORDER BY show_order  [ RunTime:0.0001s ]
SQL: SELECT * FROM `menu` WHERE ( up_id=150 ) ORDER BY show_order  [ RunTime:0.0000s ]
SQL: SELECT * FROM `menu` WHERE ( up_id=151 ) ORDER BY show_order  [ RunTime:0.0000s ]
SQL: SHOW COLUMNS FROM `menu` [ RunTime:0.0004s ]
SQL: SELECT * FROM `menu` WHERE ( up_id=0 ) ORDER BY show_order  [ RunTime:0.0001s ]
INFO: [ app_end ] --START--
INFO: Run Behavior\ShowPageTraceBehavior [ RunTime:0.000353s ]
INFO: [ app_end ] --END-- [ RunTime:0.000388s ]

[ 2017-05-09T10:02:26+08:00 ] 221.2.52.248 /ThinkAce/Super/Security/SuperLogDate?limit=10&offset=0&_=1494295371511
INFO: [ app_begin ] --START--
INFO: Run Behavior\ReadHtmlCacheBehavior [ RunTime:0.000273s ]
INFO: [ app_begin ] --END-- [ RunTime:0.000492s ]
NOTIC: [2048] Declaration of Model\SuperModel::check() should be compatible with Think\Model::check($value, $rule, $type = 'regex') /var/www/html/ThinkAce/Model/SuperModel.class.php 第 6 行.
SQL: SHOW COLUMNS FROM `menu` [ RunTime:0.0004s ]
SQL: SELECT * FROM `menu` WHERE ( up_id=0 ) ORDER BY show_order  [ RunTime:0.0000s ]
SQL: SELECT * FROM `menu` WHERE ( up_id=146 ) ORDER BY show_order  [ RunTime:0.0001s ]
SQL: SELECT * FROM `menu` WHERE ( up_id=147 ) ORDER BY show_order  [ RunTime:0.0001s ]
SQL: SELECT * FROM `menu` WHERE ( up_id=150 ) ORDER BY show_order  [ RunTime:0.0001s ]
SQL: SELECT * FROM `menu` WHERE ( up_id=151 ) ORDER BY show_order  [ RunTime:0.0000s ]
SQL: SHOW COLUMNS FROM `super_log` [ RunTime:0.0004s ]
SQL: SELECT * FROM `super_log` WHERE ( name= 'admin'  ) ORDER BY id desc  [ RunTime:0.0009s ]
INFO: [ app_end ] --START--
INFO: Run Behavior\ShowPageTraceBehavior [ RunTime:0.000629s ]
INFO: [ app_end ] --END-- [ RunTime:0.000692s ]

[ 2017-05-09T10:02:30+08:00 ] 221.2.52.248 /ThinkAce/Super/Menu/oneMenuDate?_=1494295375180
INFO: [ app_begin ] --START--
INFO: Run Behavior\ReadHtmlCacheBehavior [ RunTime:0.000508s ]
INFO: [ app_begin ] --END-- [ RunTime:0.000985s ]
NOTIC: [2048] Declaration of Model\SuperModel::check() should be compatible with Think\Model::check($value, $rule, $type = 'regex') /var/www/html/ThinkAce/Model/SuperModel.class.php 第 6 行.
SQL: SHOW COLUMNS FROM `menu` [ RunTime:0.0007s ]
SQL: SELECT * FROM `menu` WHERE ( up_id=0 ) ORDER BY show_order  [ RunTime:0.0002s ]
SQL: SELECT * FROM `menu` WHERE ( up_id=146 ) ORDER BY show_order  [ RunTime:0.0001s ]
SQL: SELECT * FROM `menu` WHERE ( up_id=147 ) ORDER BY show_order  [ RunTime:0.0001s ]
SQL: SELECT * FROM `menu` WHERE ( up_id=150 ) ORDER BY show_order  [ RunTime:0.0001s ]
SQL: SELECT * FROM `menu` WHERE ( up_id=151 ) ORDER BY show_order  [ RunTime:0.0001s ]
SQL: SHOW COLUMNS FROM `menu` [ RunTime:0.0006s ]
SQL: SELECT * FROM `menu` WHERE ( up_id=0 ) ORDER BY show_order  [ RunTime:0.0001s ]
INFO: [ app_end ] --START--
INFO: Run Behavior\ShowPageTraceBehavior [ RunTime:0.000549s ]
INFO: [ app_end ] --END-- [ RunTime:0.000607s ]

[ 2017-05-09T10:03:14+08:00 ] 221.2.52.248 /ThinkAce/Super/Menu/oneMenuDate?_=1494295419288
INFO: [ app_begin ] --START--
INFO: Run Behavior\ReadHtmlCacheBehavior [ RunTime:0.000313s ]
INFO: [ app_begin ] --END-- [ RunTime:0.000606s ]
NOTIC: [2048] Declaration of Model\SuperModel::check() should be compatible with Think\Model::check($value, $rule, $type = 'regex') /var/www/html/ThinkAce/Model/SuperModel.class.php 第 6 行.
SQL: SHOW COLUMNS FROM `menu` [ RunTime:0.0005s ]
SQL: SELECT * FROM `menu` WHERE ( up_id=0 ) ORDER BY show_order  [ RunTime:0.0001s ]
SQL: SELECT * FROM `menu` WHERE ( up_id=146 ) ORDER BY show_order  [ RunTime:0.0000s ]
SQL: SELECT * FROM `menu` WHERE ( up_id=147 ) ORDER BY show_order  [ RunTime:0.0001s ]
SQL: SELECT * FROM `menu` WHERE ( up_id=150 ) ORDER BY show_order  [ RunTime:0.0001s ]
SQL: SELECT * FROM `menu` WHERE ( up_id=151 ) ORDER BY show_order  [ RunTime:0.0001s ]
SQL: SHOW COLUMNS FROM `menu` [ RunTime:0.0004s ]
SQL: SELECT * FROM `menu` WHERE ( up_id=0 ) ORDER BY show_order  [ RunTime:0.0001s ]
INFO: [ app_end ] --START--
INFO: Run Behavior\ShowPageTraceBehavior [ RunTime:0.000464s ]
INFO: [ app_end ] --END-- [ RunTime:0.000503s ]

[ 2017-05-09T10:28:49+08:00 ] 221.2.52.248 /ThinkAce/Super/Menu/oneMenuDate?_=1494296954541
INFO: [ app_begin ] --START--
INFO: Run Behavior\ReadHtmlCacheBehavior [ RunTime:0.000302s ]
INFO: [ app_begin ] --END-- [ RunTime:0.000531s ]
NOTIC: [2048] Declaration of Model\SuperModel::check() should be compatible with Think\Model::check($value, $rule, $type = 'regex') /var/www/html/ThinkAce/Model/SuperModel.class.php 第 6 行.
SQL: SHOW COLUMNS FROM `menu` [ RunTime:0.0004s ]
SQL: SELECT * FROM `menu` WHERE ( up_id=0 ) ORDER BY show_order  [ RunTime:0.0001s ]
SQL: SELECT * FROM `menu` WHERE ( up_id=146 ) ORDER BY show_order  [ RunTime:0.0001s ]
SQL: SELECT * FROM `menu` WHERE ( up_id=147 ) ORDER BY show_order  [ RunTime:0.0000s ]
SQL: SELECT * FROM `menu` WHERE ( up_id=150 ) ORDER BY show_order  [ RunTime:0.0000s ]
SQL: SELECT * FROM `menu` WHERE ( up_id=151 ) ORDER BY show_order  [ RunTime:0.0000s ]
SQL: SHOW COLUMNS FROM `menu` [ RunTime:0.0004s ]
SQL: SELECT * FROM `menu` WHERE ( up_id=0 ) ORDER BY show_order  [ RunTime:0.0000s ]
INFO: [ app_end ] --START--
INFO: Run Behavior\ShowPageTraceBehavior [ RunTime:0.000419s ]
INFO: [ app_end ] --END-- [ RunTime:0.000462s ]

[ 2017-05-09T13:09:04+08:00 ] 183.57.53.197 /ThinkAce/Super/Login/Logout
ERR: 1048:Column 'name' cannot be null
 [ SQL语句 ] : INSERT INTO `super_log` (`sql_cont`,`name`,`created_at`,`ip`,`action`,`bz`,`updated_at`,`db_level`) VALUES ('',NULL,'2017-05-09 13:09:04','183.57.53.197','用户登出','','2017-05-09 13:09:04','0')

[ 2017-05-09T17:40:11+08:00 ] 221.2.52.248 /ThinkAce/Super/Menu/oneMenuDate?_=1494322837175
INFO: [ app_begin ] --START--
INFO: Run Behavior\ReadHtmlCacheBehavior [ RunTime:0.000442s ]
INFO: [ app_begin ] --END-- [ RunTime:0.000755s ]
NOTIC: [2048] Declaration of Model\SuperModel::check() should be compatible with Think\Model::check($value, $rule, $type = 'regex') /var/www/html/ThinkAce/Model/SuperModel.class.php 第 6 行.
SQL: SHOW COLUMNS FROM `menu` [ RunTime:0.0008s ]
SQL: SELECT * FROM `menu` WHERE ( up_id=0 ) ORDER BY show_order  [ RunTime:0.0001s ]
SQL: SELECT * FROM `menu` WHERE ( up_id=146 ) ORDER BY show_order  [ RunTime:0.0001s ]
SQL: SELECT * FROM `menu` WHERE ( up_id=147 ) ORDER BY show_order  [ RunTime:0.0001s ]
SQL: SELECT * FROM `menu` WHERE ( up_id=150 ) ORDER BY show_order  [ RunTime:0.0001s ]
SQL: SELECT * FROM `menu` WHERE ( up_id=151 ) ORDER BY show_order  [ RunTime:0.0001s ]
SQL: SHOW COLUMNS FROM `menu` [ RunTime:0.0006s ]
SQL: SELECT * FROM `menu` WHERE ( up_id=0 ) ORDER BY show_order  [ RunTime:0.0001s ]
INFO: [ app_end ] --START--
INFO: Run Behavior\ShowPageTraceBehavior [ RunTime:0.000610s ]
INFO: [ app_end ] --END-- [ RunTime:0.000661s ]

[ 2017-05-09T17:58:25+08:00 ] 221.2.52.248 /ThinkAce/Super/Menu/oneMenuDate?_=1494323930207
INFO: [ app_begin ] --START--
INFO: Run Behavior\ReadHtmlCacheBehavior [ RunTime:0.000404s ]
INFO: [ app_begin ] --END-- [ RunTime:0.000709s ]
NOTIC: [2048] Declaration of Model\SuperModel::check() should be compatible with Think\Model::check($value, $rule, $type = 'regex') /var/www/html/ThinkAce/Model/SuperModel.class.php 第 6 行.
SQL: SHOW COLUMNS FROM `menu` [ RunTime:0.0006s ]
SQL: SELECT * FROM `menu` WHERE ( up_id=0 ) ORDER BY show_order  [ RunTime:0.0001s ]
SQL: SELECT * FROM `menu` WHERE ( up_id=146 ) ORDER BY show_order  [ RunTime:0.0001s ]
SQL: SELECT * FROM `menu` WHERE ( up_id=147 ) ORDER BY show_order  [ RunTime:0.0001s ]
SQL: SELECT * FROM `menu` WHERE ( up_id=150 ) ORDER BY show_order  [ RunTime:0.0001s ]
SQL: SELECT * FROM `menu` WHERE ( up_id=151 ) ORDER BY show_order  [ RunTime:0.0001s ]
SQL: SHOW COLUMNS FROM `menu` [ RunTime:0.0005s ]
SQL: SELECT * FROM `menu` WHERE ( up_id=0 ) ORDER BY show_order  [ RunTime:0.0001s ]
INFO: [ app_end ] --START--
INFO: Run Behavior\ShowPageTraceBehavior [ RunTime:0.000491s ]
INFO: [ app_end ] --END-- [ RunTime:0.000558s ]

[ 2017-05-09T18:07:00+08:00 ] 221.2.52.248 /ThinkAce/Super/Menu/oneMenuDate?_=1494324445292
INFO: [ app_begin ] --START--
INFO: Run Behavior\ReadHtmlCacheBehavior [ RunTime:0.000292s ]
INFO: [ app_begin ] --END-- [ RunTime:0.000495s ]
SQL: SHOW COLUMNS FROM `super` [ RunTime:0.0005s ]
SQL: SELECT * FROM `super` WHERE `id` = 1 LIMIT 1   [ RunTime:0.0001s ]
NOTIC: [2048] Declaration of Model\SuperModel::check() should be compatible with Think\Model::check($value, $rule, $type = 'regex') /var/www/html/ThinkAce/Model/SuperModel.class.php 第 60 行.
SQL: SHOW COLUMNS FROM `menu` [ RunTime:0.0003s ]
SQL: SELECT * FROM `menu` WHERE ( up_id=0 ) ORDER BY show_order  [ RunTime:0.0001s ]
INFO: [ app_end ] --START--
INFO: Run Behavior\ShowPageTraceBehavior [ RunTime:0.000465s ]
INFO: [ app_end ] --END-- [ RunTime:0.000520s ]

[ 2017-05-09T19:31:13+08:00 ] 221.2.52.248 /ThinkAce/Super/Menu/oneMenuDate?_=1494329498181
INFO: [ app_begin ] --START--
INFO: Run Behavior\ReadHtmlCacheBehavior [ RunTime:0.000332s ]
INFO: [ app_begin ] --END-- [ RunTime:0.000584s ]
SQL: SHOW COLUMNS FROM `super` [ RunTime:0.0005s ]
SQL: SELECT * FROM `super` WHERE `id` = 1 LIMIT 1   [ RunTime:0.0001s ]
SQL: SHOW COLUMNS FROM `role` [ RunTime:0.0003s ]
SQL: SELECT * FROM `role` WHERE `role_id` = 0 LIMIT 1   [ RunTime:0.0001s ]
SQL: SHOW COLUMNS FROM `auth` [ RunTime:0.0004s ]
SQL: SELECT * FROM `auth` WHERE ( auth_level=0 )  [ RunTime:0.0001s ]
SQL: SELECT * FROM `auth` WHERE ( auth_level=1 )  [ RunTime:0.0001s ]
NOTIC: [2048] Declaration of Model\SuperModel::check() should be compatible with Think\Model::check($value, $rule, $type = 'regex') /var/www/html/ThinkAce/Model/SuperModel.class.php 第 60 行.
SQL: SHOW COLUMNS FROM `menu` [ RunTime:0.0004s ]
SQL: SELECT * FROM `menu` WHERE ( up_id=0 ) ORDER BY show_order  [ RunTime:0.0001s ]
INFO: [ app_end ] --START--
INFO: Run Behavior\ShowPageTraceBehavior [ RunTime:0.000444s ]
INFO: [ app_end ] --END-- [ RunTime:0.000485s ]

[ 2017-05-09T19:31:33+08:00 ] 221.2.52.248 /ThinkAce/Super/Login/index.html
ERR: 1064:You have an error in your SQL syntax; check the manual that corresponds to your MariaDB server version for the right syntax to use near ') )' at line 1
 [ SQL语句 ] : SELECT * FROM `auth` WHERE ( auth_level=0 and auth_id in() ) 

[ 2017-05-09T19:33:43+08:00 ] 221.2.52.248 /ThinkAce/Super/Login/index.html
ERR: 1064:You have an error in your SQL syntax; check the manual that corresponds to your MariaDB server version for the right syntax to use near ') )' at line 1
 [ SQL语句 ] : SELECT * FROM `auth` WHERE ( auth_level=0 and auth_id in() ) 

[ 2017-05-09T19:36:45+08:00 ] 221.2.52.248 /ThinkAce/Super/Login/index.html
ERR: 1064:You have an error in your SQL syntax; check the manual that corresponds to your MariaDB server version for the right syntax to use near ') )' at line 1
 [ SQL语句 ] : SELECT * FROM `auth` WHERE ( auth_level=0 and auth_id in() ) 

[ 2017-05-09T19:43:45+08:00 ] 221.2.52.248 /ThinkAce/Super/Index/index.html
ERR: 1054:Unknown column '1，6，7' in 'where clause'
 [ SQL语句 ] : SELECT * FROM `auth` WHERE ( auth_level=0 and auth_id in(1，6，7) ) 

[ 2017-05-09T19:43:47+08:00 ] 221.2.52.248 /ThinkAce/Super/Index/index.html
ERR: 1054:Unknown column '1，6，7' in 'where clause'
 [ SQL语句 ] : SELECT * FROM `auth` WHERE ( auth_level=0 and auth_id in(1，6，7) ) 

[ 2017-05-09T19:43:48+08:00 ] 221.2.52.248 /ThinkAce/Super/Index/index.html
ERR: 1054:Unknown column '1，6，7' in 'where clause'
 [ SQL语句 ] : SELECT * FROM `auth` WHERE ( auth_level=0 and auth_id in(1，6，7) ) 

[ 2017-05-09T19:47:46+08:00 ] 221.2.52.248 /ThinkAce/Super/Index/index.html
ERR: 1054:Unknown column '1，6，7' in 'where clause'
 [ SQL语句 ] : SELECT * FROM `auth` WHERE ( auth_level=0 and auth_id in(1，6，7) ) 

[ 2017-05-09T19:47:47+08:00 ] 221.2.52.248 /ThinkAce/Super/Index/index.html
ERR: 1054:Unknown column '1，6，7' in 'where clause'
 [ SQL语句 ] : SELECT * FROM `auth` WHERE ( auth_level=0 and auth_id in(1，6，7) ) 

[ 2017-05-09T19:47:47+08:00 ] 221.2.52.248 /ThinkAce/Super/Index/index.html
ERR: 1054:Unknown column '1，6，7' in 'where clause'
 [ SQL语句 ] : SELECT * FROM `auth` WHERE ( auth_level=0 and auth_id in(1，6，7) ) 

[ 2017-05-09T19:47:47+08:00 ] 221.2.52.248 /ThinkAce/Super/Index/index.html
ERR: 1054:Unknown column '1，6，7' in 'where clause'
 [ SQL语句 ] : SELECT * FROM `auth` WHERE ( auth_level=0 and auth_id in(1，6，7) ) 

[ 2017-05-09T19:47:48+08:00 ] 221.2.52.248 /ThinkAce/Super/Index/index.html
ERR: 1054:Unknown column '1，6，7' in 'where clause'
 [ SQL语句 ] : SELECT * FROM `auth` WHERE ( auth_level=0 and auth_id in(1，6，7) ) 

[ 2017-05-09T19:47:48+08:00 ] 221.2.52.248 /ThinkAce/Super/Index/index.html
ERR: 1054:Unknown column '1，6，7' in 'where clause'
 [ SQL语句 ] : SELECT * FROM `auth` WHERE ( auth_level=0 and auth_id in(1，6，7) ) 

[ 2017-05-09T19:47:48+08:00 ] 221.2.52.248 /ThinkAce/Super/Index/index.html
ERR: 1054:Unknown column '1，6，7' in 'where clause'
 [ SQL语句 ] : SELECT * FROM `auth` WHERE ( auth_level=0 and auth_id in(1，6，7) ) 

[ 2017-05-09T19:47:48+08:00 ] 221.2.52.248 /ThinkAce/Super/Index/index.html
ERR: 1054:Unknown column '1，6，7' in 'where clause'
 [ SQL语句 ] : SELECT * FROM `auth` WHERE ( auth_level=0 and auth_id in(1，6，7) ) 

[ 2017-05-09T19:48:03+08:00 ] 101.226.102.97 /ThinkAce/Super/Login/index.html
ERR: 1064:You have an error in your SQL syntax; check the manual that corresponds to your MariaDB server version for the right syntax to use near ') )' at line 1
 [ SQL语句 ] : SELECT * FROM `auth` WHERE ( auth_level=0 and auth_id in() ) 

[ 2017-05-09T20:10:50+08:00 ] 221.2.52.248 /ThinkAce/Super/Index/index.html
ERR: Think\Controller:getLastSql方法不存在！

[ 2017-05-09T20:12:38+08:00 ] 221.2.52.248 /ThinkAce/Super/Index/index.html
ERR: Think\Model:sql方法不存在！

[ 2017-05-09T20:12:39+08:00 ] 221.2.52.248 /ThinkAce/Super/Index/index.html
ERR: Think\Model:sql方法不存在！

[ 2017-05-09T20:12:39+08:00 ] 221.2.52.248 /ThinkAce/Super/Index/index.html
ERR: Think\Model:sql方法不存在！

[ 2017-05-09T20:12:39+08:00 ] 221.2.52.248 /ThinkAce/Super/Index/index.html
ERR: Think\Model:sql方法不存在！

[ 2017-05-09T20:12:39+08:00 ] 221.2.52.248 /ThinkAce/Super/Index/index.html
ERR: Think\Model:sql方法不存在！

[ 2017-05-09T20:12:50+08:00 ] 221.2.52.248 /ThinkAce/Super/Index/index.html
ERR: Think\Model:sql方法不存在！

[ 2017-05-09T20:12:50+08:00 ] 221.2.52.248 /ThinkAce/Super/Index/index.html
ERR: Think\Model:sql方法不存在！

[ 2017-05-09T20:12:50+08:00 ] 221.2.52.248 /ThinkAce/Super/Index/index.html
ERR: Think\Model:sql方法不存在！

[ 2017-05-09T20:12:50+08:00 ] 221.2.52.248 /ThinkAce/Super/Index/index.html
ERR: Think\Model:sql方法不存在！

[ 2017-05-09T20:12:56+08:00 ] 221.2.52.248 /ThinkAce/Super/Index/index.html
ERR: Think\Model:sql方法不存在！

[ 2017-05-09T20:12:56+08:00 ] 221.2.52.248 /ThinkAce/Super/Index/index.html
ERR: Think\Model:sql方法不存在！

[ 2017-05-09T20:12:57+08:00 ] 221.2.52.248 /ThinkAce/Super/Index/index.html
ERR: Think\Model:sql方法不存在！

[ 2017-05-09T20:12:57+08:00 ] 221.2.52.248 /ThinkAce/Super/Index/index.html
ERR: Think\Model:sql方法不存在！

[ 2017-05-09T20:23:49+08:00 ] 221.2.52.248 /ThinkAce/Super/Index/index.html
ERR: 1054:Unknown column '1，6，7' in 'where clause'
 [ SQL语句 ] : SELECT * FROM `auth` WHERE ( auth_level=0 and auth_id in (1，6，7) ) 

[ 2017-05-09T20:28:32+08:00 ] 221.2.52.248 /ThinkAce/Super/Index/index.html
ERR: 1054:Unknown column '1，6，7' in 'where clause'
 [ SQL语句 ] : SELECT * FROM `auth` WHERE ( auth_level=0 and auth_id in (1，6，7) ) 

[ 2017-05-09T20:33:40+08:00 ] 221.2.52.248 /ThinkAce/Super/Index/index.html
ERR: 1054:Unknown column '1，6，7' in 'where clause'
 [ SQL语句 ] : SELECT * FROM `auth` WHERE ( auth_level=0 and auth_id in (1，6，7) ) 

[ 2017-05-09T20:33:42+08:00 ] 221.2.52.248 /ThinkAce/Super/Index/index.html
ERR: 1054:Unknown column '1，6，7' in 'where clause'
 [ SQL语句 ] : SELECT * FROM `auth` WHERE ( auth_level=0 and auth_id in (1，6，7) ) 

[ 2017-05-09T20:33:42+08:00 ] 221.2.52.248 /ThinkAce/Super/Index/index.html
ERR: 1054:Unknown column '1，6，7' in 'where clause'
 [ SQL语句 ] : SELECT * FROM `auth` WHERE ( auth_level=0 and auth_id in (1，6，7) ) 

[ 2017-05-09T20:33:43+08:00 ] 221.2.52.248 /ThinkAce/Super/Index/index.html
ERR: 1054:Unknown column '1，6，7' in 'where clause'
 [ SQL语句 ] : SELECT * FROM `auth` WHERE ( auth_level=0 and auth_id in (1，6，7) ) 

[ 2017-05-09T20:50:43+08:00 ] 221.2.52.248 /ThinkAce/Super/Index/index.html
ERR: 1054:Unknown column '1，6，7' in 'where clause'
 [ SQL语句 ] : SELECT * FROM `auth` WHERE ( auth_level=0 and auth_id in (1，6，7) ) 

[ 2017-05-09T20:55:00+08:00 ] 180.153.163.190 /ThinkAce/Super/Login/index.html
ERR: 1064:You have an error in your SQL syntax; check the manual that corresponds to your MariaDB server version for the right syntax to use near ') )' at line 1
 [ SQL语句 ] : SELECT * FROM `auth` WHERE ( auth_level=0 and auth_id in () ) 

[ 2017-05-09T20:55:00+08:00 ] 180.153.214.180 /ThinkAce/Super/Login/index.html
ERR: 1064:You have an error in your SQL syntax; check the manual that corresponds to your MariaDB server version for the right syntax to use near ') )' at line 1
 [ SQL语句 ] : SELECT * FROM `auth` WHERE ( auth_level=0 and auth_id in () ) 

[ 2017-05-09T20:55:00+08:00 ] 101.226.33.206 /ThinkAce/Super/Login/index.html
ERR: 1064:You have an error in your SQL syntax; check the manual that corresponds to your MariaDB server version for the right syntax to use near ') )' at line 1
 [ SQL语句 ] : SELECT * FROM `auth` WHERE ( auth_level=0 and auth_id in () ) 

[ 2017-05-09T20:55:00+08:00 ] 101.226.68.200 /ThinkAce/Super/Login/index.html
ERR: 1064:You have an error in your SQL syntax; check the manual that corresponds to your MariaDB server version for the right syntax to use near ') )' at line 1
 [ SQL语句 ] : SELECT * FROM `auth` WHERE ( auth_level=0 and auth_id in () ) 

[ 2017-05-09T20:55:43+08:00 ] 180.153.201.15 /ThinkAce/Super/Login/index.html
ERR: 1064:You have an error in your SQL syntax; check the manual that corresponds to your MariaDB server version for the right syntax to use near ') )' at line 1
 [ SQL语句 ] : SELECT * FROM `auth` WHERE ( auth_level=0 and auth_id in () ) 

[ 2017-05-09T21:05:21+08:00 ] 101.226.125.105 /ThinkAce/Super/Login/index.html
ERR: 1064:You have an error in your SQL syntax; check the manual that corresponds to your MariaDB server version for the right syntax to use near ') )' at line 1
 [ SQL语句 ] : SELECT * FROM `auth` WHERE ( auth_level=0 and auth_id in () ) 

[ 2017-05-09T21:39:27+08:00 ] 119.147.207.158 /ThinkAce/Super/Login/index.html
ERR: 1064:You have an error in your SQL syntax; check the manual that corresponds to your MariaDB server version for the right syntax to use near ') )' at line 1
 [ SQL语句 ] : SELECT * FROM `auth` WHERE ( auth_level=0 and auth_id in () ) 

