[ 2017-05-12T15:02:46+08:00 ] 221.2.52.247 /ThinkAce/Super/Menu/oneMenuDate?_=1494572594442
INFO: [ app_begin ] --START--
INFO: Run Behavior\ReadHtmlCacheBehavior [ RunTime:0.000285s ]
INFO: [ app_begin ] --END-- [ RunTime:0.000788s ]
SQL: SHOW COLUMNS FROM `super` [ RunTime:0.0005s ]
SQL: SELECT * FROM `super` WHERE `id` = 1 LIMIT 1   [ RunTime:0.0001s ]
SQL: SHOW COLUMNS FROM `role` [ RunTime:0.0004s ]
SQL: SELECT * FROM `role` WHERE `role_id` = 0 LIMIT 1   [ RunTime:0.0001s ]
SQL: SHOW COLUMNS FROM `auth` [ RunTime:0.0003s ]
SQL: SELECT * FROM `auth` WHERE ( auth_level=0 )  [ RunTime:0.0001s ]
SQL: SELECT * FROM `auth` WHERE ( auth_level=1 )  [ RunTime:0.0001s ]
NOTIC: [2048] Declaration of Model\SuperModel::check() should be compatible with Think\Model::check($value, $rule, $type = 'regex') /var/www/html/ThinkAce/Model/SuperModel.class.php 第 88 行.
SQL: SHOW COLUMNS FROM `menu` [ RunTime:0.0003s ]
SQL: SELECT * FROM `menu` WHERE ( up_id=0 ) ORDER BY show_order  [ RunTime:0.0001s ]
INFO: [ app_end ] --START--
INFO: Run Behavior\ShowPageTraceBehavior [ RunTime:0.000348s ]
INFO: [ app_end ] --END-- [ RunTime:0.000386s ]

[ 2017-05-12T15:02:49+08:00 ] 221.2.52.247 /ThinkAce/Super/MenuCont/index
ERR: 参数错误或者未定义:up_id

[ 2017-05-12T15:02:50+08:00 ] 221.2.52.247 /ThinkAce/Super/Menu/oneMenuDate?_=1494572599029
INFO: [ app_begin ] --START--
INFO: Run Behavior\ReadHtmlCacheBehavior [ RunTime:0.000291s ]
INFO: [ app_begin ] --END-- [ RunTime:0.000558s ]
SQL: SHOW COLUMNS FROM `super` [ RunTime:0.0006s ]
SQL: SELECT * FROM `super` WHERE `id` = 1 LIMIT 1   [ RunTime:0.0001s ]
SQL: SHOW COLUMNS FROM `role` [ RunTime:0.0004s ]
SQL: SELECT * FROM `role` WHERE `role_id` = 0 LIMIT 1   [ RunTime:0.0001s ]
SQL: SHOW COLUMNS FROM `auth` [ RunTime:0.0003s ]
SQL: SELECT * FROM `auth` WHERE ( auth_level=0 )  [ RunTime:0.0001s ]
SQL: SELECT * FROM `auth` WHERE ( auth_level=1 )  [ RunTime:0.0001s ]
NOTIC: [2048] Declaration of Model\SuperModel::check() should be compatible with Think\Model::check($value, $rule, $type = 'regex') /var/www/html/ThinkAce/Model/SuperModel.class.php 第 88 行.
SQL: SHOW COLUMNS FROM `menu` [ RunTime:0.0004s ]
SQL: SELECT * FROM `menu` WHERE ( up_id=0 ) ORDER BY show_order  [ RunTime:0.0001s ]
INFO: [ app_end ] --START--
INFO: Run Behavior\ShowPageTraceBehavior [ RunTime:0.000349s ]
INFO: [ app_end ] --END-- [ RunTime:0.000389s ]

[ 2017-05-12T15:02:57+08:00 ] 221.2.52.247 /ThinkAce/Super/Security/SuperLogDate?limit=10&offset=0&_=1494572605849
INFO: [ app_begin ] --START--
INFO: Run Behavior\ReadHtmlCacheBehavior [ RunTime:0.000429s ]
INFO: [ app_begin ] --END-- [ RunTime:0.000744s ]
SQL: SHOW COLUMNS FROM `super` [ RunTime:0.0007s ]
SQL: SELECT * FROM `super` WHERE `id` = 1 LIMIT 1   [ RunTime:0.0001s ]
SQL: SHOW COLUMNS FROM `role` [ RunTime:0.0003s ]
SQL: SELECT * FROM `role` WHERE `role_id` = 0 LIMIT 1   [ RunTime:0.0001s ]
SQL: SHOW COLUMNS FROM `auth` [ RunTime:0.0003s ]
SQL: SELECT * FROM `auth` WHERE ( auth_level=0 )  [ RunTime:0.0001s ]
SQL: SELECT * FROM `auth` WHERE ( auth_level=1 )  [ RunTime:0.0000s ]
NOTIC: [2048] Declaration of Model\SuperModel::check() should be compatible with Think\Model::check($value, $rule, $type = 'regex') /var/www/html/ThinkAce/Model/SuperModel.class.php 第 88 行.
SQL: SHOW COLUMNS FROM `super_log` [ RunTime:0.0005s ]
SQL: SELECT * FROM `super_log` WHERE ( name= 'admin'  ) ORDER BY id desc  [ RunTime:0.0009s ]
INFO: [ app_end ] --START--
INFO: Run Behavior\ShowPageTraceBehavior [ RunTime:0.000614s ]
INFO: [ app_end ] --END-- [ RunTime:0.000776s ]

[ 2017-05-12T15:03:39+08:00 ] 221.2.52.247 /ThinkAce/Super/Security/SuperLogDate?limit=10&offset=0&_=1494572647262
INFO: [ app_begin ] --START--
INFO: Run Behavior\ReadHtmlCacheBehavior [ RunTime:0.000283s ]
INFO: [ app_begin ] --END-- [ RunTime:0.000543s ]
SQL: SHOW COLUMNS FROM `super` [ RunTime:0.0005s ]
SQL: SELECT * FROM `super` WHERE `id` = 1 LIMIT 1   [ RunTime:0.0001s ]
SQL: SHOW COLUMNS FROM `role` [ RunTime:0.0003s ]
SQL: SELECT * FROM `role` WHERE `role_id` = 0 LIMIT 1   [ RunTime:0.0001s ]
SQL: SHOW COLUMNS FROM `auth` [ RunTime:0.0004s ]
SQL: SELECT * FROM `auth` WHERE ( auth_level=0 )  [ RunTime:0.0000s ]
SQL: SELECT * FROM `auth` WHERE ( auth_level=1 )  [ RunTime:0.0000s ]
NOTIC: [2048] Declaration of Model\SuperModel::check() should be compatible with Think\Model::check($value, $rule, $type = 'regex') /var/www/html/ThinkAce/Model/SuperModel.class.php 第 88 行.
SQL: SHOW COLUMNS FROM `super_log` [ RunTime:0.0003s ]
SQL: SELECT * FROM `super_log` WHERE ( name= 'admin'  ) ORDER BY id desc  [ RunTime:0.0002s ]
INFO: [ app_end ] --START--
INFO: Run Behavior\ShowPageTraceBehavior [ RunTime:0.000416s ]
INFO: [ app_end ] --END-- [ RunTime:0.000478s ]

[ 2017-05-12T15:06:05+08:00 ] 221.2.52.247 /ThinkAce/Super/Menu/oneMenuDate?_=1494572793648
INFO: [ app_begin ] --START--
INFO: Run Behavior\ReadHtmlCacheBehavior [ RunTime:0.000494s ]
INFO: [ app_begin ] --END-- [ RunTime:0.000807s ]
SQL: SHOW COLUMNS FROM `super` [ RunTime:0.0006s ]
SQL: SELECT * FROM `super` WHERE `id` = 1 LIMIT 1   [ RunTime:0.0001s ]
SQL: SHOW COLUMNS FROM `role` [ RunTime:0.0005s ]
SQL: SELECT * FROM `role` WHERE `role_id` = 0 LIMIT 1   [ RunTime:0.0001s ]
SQL: SHOW COLUMNS FROM `auth` [ RunTime:0.0005s ]
SQL: SELECT * FROM `auth` WHERE ( auth_level=0 )  [ RunTime:0.0001s ]
SQL: SELECT * FROM `auth` WHERE ( auth_level=1 )  [ RunTime:0.0001s ]
NOTIC: [2048] Declaration of Model\SuperModel::check() should be compatible with Think\Model::check($value, $rule, $type = 'regex') /var/www/html/ThinkAce/Model/SuperModel.class.php 第 88 行.
SQL: SHOW COLUMNS FROM `menu` [ RunTime:0.0005s ]
SQL: SELECT * FROM `menu` WHERE ( up_id=0 ) ORDER BY show_order  [ RunTime:0.0001s ]
INFO: [ app_end ] --START--
INFO: Run Behavior\ShowPageTraceBehavior [ RunTime:0.000464s ]
INFO: [ app_end ] --END-- [ RunTime:0.000521s ]

[ 2017-05-12T15:06:09+08:00 ] 221.2.52.247 /ThinkAce/Super/Menu/twoMenuDate/up_id/147?_=1494572797221
INFO: [ app_begin ] --START--
INFO: Run Behavior\ReadHtmlCacheBehavior [ RunTime:0.000326s ]
INFO: [ app_begin ] --END-- [ RunTime:0.000670s ]
SQL: SHOW COLUMNS FROM `super` [ RunTime:0.0006s ]
SQL: SELECT * FROM `super` WHERE `id` = 1 LIMIT 1   [ RunTime:0.0001s ]
SQL: SHOW COLUMNS FROM `role` [ RunTime:0.0004s ]
SQL: SELECT * FROM `role` WHERE `role_id` = 0 LIMIT 1   [ RunTime:0.0001s ]
SQL: SHOW COLUMNS FROM `auth` [ RunTime:0.0005s ]
SQL: SELECT * FROM `auth` WHERE ( auth_level=0 )  [ RunTime:0.0000s ]
SQL: SELECT * FROM `auth` WHERE ( auth_level=1 )  [ RunTime:0.0000s ]
NOTIC: [2048] Declaration of Model\SuperModel::check() should be compatible with Think\Model::check($value, $rule, $type = 'regex') /var/www/html/ThinkAce/Model/SuperModel.class.php 第 88 行.
SQL: SHOW COLUMNS FROM `menu` [ RunTime:0.0003s ]
SQL: SELECT * FROM `menu` WHERE ( up_id=147 ) ORDER BY show_order  [ RunTime:0.0002s ]
INFO: [ app_end ] --START--
INFO: Run Behavior\ShowPageTraceBehavior [ RunTime:0.000334s ]
INFO: [ app_end ] --END-- [ RunTime:0.000368s ]

[ 2017-05-12T15:06:11+08:00 ] 221.2.52.247 /ThinkAce/Super/Menu/oneMenuDate?_=1494572799527
INFO: [ app_begin ] --START--
INFO: Run Behavior\ReadHtmlCacheBehavior [ RunTime:0.000371s ]
INFO: [ app_begin ] --END-- [ RunTime:0.000664s ]
SQL: SHOW COLUMNS FROM `super` [ RunTime:0.0006s ]
SQL: SELECT * FROM `super` WHERE `id` = 1 LIMIT 1   [ RunTime:0.0001s ]
SQL: SHOW COLUMNS FROM `role` [ RunTime:0.0004s ]
SQL: SELECT * FROM `role` WHERE `role_id` = 0 LIMIT 1   [ RunTime:0.0001s ]
SQL: SHOW COLUMNS FROM `auth` [ RunTime:0.0005s ]
SQL: SELECT * FROM `auth` WHERE ( auth_level=0 )  [ RunTime:0.0001s ]
SQL: SELECT * FROM `auth` WHERE ( auth_level=1 )  [ RunTime:0.0001s ]
NOTIC: [2048] Declaration of Model\SuperModel::check() should be compatible with Think\Model::check($value, $rule, $type = 'regex') /var/www/html/ThinkAce/Model/SuperModel.class.php 第 88 行.
SQL: SHOW COLUMNS FROM `menu` [ RunTime:0.0006s ]
SQL: SELECT * FROM `menu` WHERE ( up_id=0 ) ORDER BY show_order  [ RunTime:0.0001s ]
INFO: [ app_end ] --START--
INFO: Run Behavior\ShowPageTraceBehavior [ RunTime:0.000491s ]
INFO: [ app_end ] --END-- [ RunTime:0.000542s ]

[ 2017-05-12T15:28:20+08:00 ] 221.2.52.247 /ThinkAce/Super/Menu/oneMenuDate?_=1494574128549
INFO: [ app_begin ] --START--
INFO: Run Behavior\ReadHtmlCacheBehavior [ RunTime:0.000501s ]
INFO: [ app_begin ] --END-- [ RunTime:0.000922s ]
SQL: SHOW COLUMNS FROM `super` [ RunTime:0.0007s ]
SQL: SELECT * FROM `super` WHERE `id` = 1 LIMIT 1   [ RunTime:0.0001s ]
SQL: SHOW COLUMNS FROM `role` [ RunTime:0.0005s ]
SQL: SELECT * FROM `role` WHERE `role_id` = 0 LIMIT 1   [ RunTime:0.0001s ]
SQL: SHOW COLUMNS FROM `auth` [ RunTime:0.0006s ]
SQL: SELECT * FROM `auth` WHERE ( auth_level=0 )  [ RunTime:0.0001s ]
SQL: SELECT * FROM `auth` WHERE ( auth_level=1 )  [ RunTime:0.0001s ]
NOTIC: [2048] Declaration of Model\SuperModel::check() should be compatible with Think\Model::check($value, $rule, $type = 'regex') /var/www/html/ThinkAce/Model/SuperModel.class.php 第 88 行.
SQL: SHOW COLUMNS FROM `menu` [ RunTime:0.0005s ]
SQL: SELECT * FROM `menu` WHERE ( up_id=0 ) ORDER BY show_order  [ RunTime:0.0001s ]
INFO: [ app_end ] --START--
INFO: Run Behavior\ShowPageTraceBehavior [ RunTime:0.000527s ]
INFO: [ app_end ] --END-- [ RunTime:0.000583s ]

[ 2017-05-12T15:28:32+08:00 ] 221.2.52.247 /ThinkAce/Super/Menu/oneMenuDate?_=1494574139804
INFO: [ app_begin ] --START--
INFO: Run Behavior\ReadHtmlCacheBehavior [ RunTime:0.000340s ]
INFO: [ app_begin ] --END-- [ RunTime:0.000575s ]
SQL: SHOW COLUMNS FROM `super` [ RunTime:0.0007s ]
SQL: SELECT * FROM `super` WHERE `id` = 1 LIMIT 1   [ RunTime:0.0001s ]
SQL: SHOW COLUMNS FROM `role` [ RunTime:0.0005s ]
SQL: SELECT * FROM `role` WHERE `role_id` = 0 LIMIT 1   [ RunTime:0.0001s ]
SQL: SHOW COLUMNS FROM `auth` [ RunTime:0.0005s ]
SQL: SELECT * FROM `auth` WHERE ( auth_level=0 )  [ RunTime:0.0001s ]
SQL: SELECT * FROM `auth` WHERE ( auth_level=1 )  [ RunTime:0.0001s ]
NOTIC: [2048] Declaration of Model\SuperModel::check() should be compatible with Think\Model::check($value, $rule, $type = 'regex') /var/www/html/ThinkAce/Model/SuperModel.class.php 第 88 行.
SQL: SHOW COLUMNS FROM `menu` [ RunTime:0.0005s ]
SQL: SELECT * FROM `menu` WHERE ( up_id=0 ) ORDER BY show_order  [ RunTime:0.0002s ]
INFO: [ app_end ] --START--
INFO: Run Behavior\ShowPageTraceBehavior [ RunTime:0.000526s ]
INFO: [ app_end ] --END-- [ RunTime:0.000583s ]

[ 2017-05-12T15:28:37+08:00 ] 221.2.52.247 /ThinkAce/Super/Menu/oneMenuDate?_=1494574146127
INFO: [ app_begin ] --START--
INFO: Run Behavior\ReadHtmlCacheBehavior [ RunTime:0.000411s ]
INFO: [ app_begin ] --END-- [ RunTime:0.000804s ]
SQL: SHOW COLUMNS FROM `super` [ RunTime:0.0010s ]
SQL: SELECT * FROM `super` WHERE `id` = 1 LIMIT 1   [ RunTime:0.0001s ]
SQL: SHOW COLUMNS FROM `role` [ RunTime:0.0004s ]
SQL: SELECT * FROM `role` WHERE `role_id` = 0 LIMIT 1   [ RunTime:0.0001s ]
SQL: SHOW COLUMNS FROM `auth` [ RunTime:0.0004s ]
SQL: SELECT * FROM `auth` WHERE ( auth_level=0 )  [ RunTime:0.0001s ]
SQL: SELECT * FROM `auth` WHERE ( auth_level=1 )  [ RunTime:0.0000s ]
NOTIC: [2048] Declaration of Model\SuperModel::check() should be compatible with Think\Model::check($value, $rule, $type = 'regex') /var/www/html/ThinkAce/Model/SuperModel.class.php 第 88 行.
SQL: SHOW COLUMNS FROM `menu` [ RunTime:0.0004s ]
SQL: SELECT * FROM `menu` WHERE ( up_id=0 ) ORDER BY show_order  [ RunTime:0.0002s ]
INFO: [ app_end ] --START--
INFO: Run Behavior\ShowPageTraceBehavior [ RunTime:0.000386s ]
INFO: [ app_end ] --END-- [ RunTime:0.000426s ]

[ 2017-05-12T15:28:41+08:00 ] 221.2.52.247 /ThinkAce/Super/Menu/oneMenuDate?_=1494574149331
INFO: [ app_begin ] --START--
INFO: Run Behavior\ReadHtmlCacheBehavior [ RunTime:0.000345s ]
INFO: [ app_begin ] --END-- [ RunTime:0.000583s ]
SQL: SHOW COLUMNS FROM `super` [ RunTime:0.0008s ]
SQL: SELECT * FROM `super` WHERE `id` = 1 LIMIT 1   [ RunTime:0.0002s ]
SQL: SHOW COLUMNS FROM `role` [ RunTime:0.0004s ]
SQL: SELECT * FROM `role` WHERE `role_id` = 0 LIMIT 1   [ RunTime:0.0001s ]
SQL: SHOW COLUMNS FROM `auth` [ RunTime:0.0004s ]
SQL: SELECT * FROM `auth` WHERE ( auth_level=0 )  [ RunTime:0.0001s ]
SQL: SELECT * FROM `auth` WHERE ( auth_level=1 )  [ RunTime:0.0001s ]
NOTIC: [2048] Declaration of Model\SuperModel::check() should be compatible with Think\Model::check($value, $rule, $type = 'regex') /var/www/html/ThinkAce/Model/SuperModel.class.php 第 88 行.
SQL: SHOW COLUMNS FROM `menu` [ RunTime:0.0005s ]
SQL: SELECT * FROM `menu` WHERE ( up_id=0 ) ORDER BY show_order  [ RunTime:0.0001s ]
INFO: [ app_end ] --START--
INFO: Run Behavior\ShowPageTraceBehavior [ RunTime:0.000387s ]
INFO: [ app_end ] --END-- [ RunTime:0.000431s ]

[ 2017-05-12T15:30:21+08:00 ] 221.2.52.247 /ThinkAce/Super/Menu/oneMenuDate?_=1494574249804
INFO: [ app_begin ] --START--
INFO: Run Behavior\ReadHtmlCacheBehavior [ RunTime:0.000418s ]
INFO: [ app_begin ] --END-- [ RunTime:0.000797s ]
SQL: SHOW COLUMNS FROM `super` [ RunTime:0.0004s ]
SQL: SELECT * FROM `super` WHERE `id` = 1 LIMIT 1   [ RunTime:0.0001s ]
SQL: SHOW COLUMNS FROM `role` [ RunTime:0.0003s ]
SQL: SELECT * FROM `role` WHERE `role_id` = 0 LIMIT 1   [ RunTime:0.0001s ]
SQL: SHOW COLUMNS FROM `auth` [ RunTime:0.0004s ]
SQL: SELECT * FROM `auth` WHERE ( auth_level=0 )  [ RunTime:0.0000s ]
SQL: SELECT * FROM `auth` WHERE ( auth_level=1 )  [ RunTime:0.0000s ]
NOTIC: [2048] Declaration of Model\SuperModel::check() should be compatible with Think\Model::check($value, $rule, $type = 'regex') /var/www/html/ThinkAce/Model/SuperModel.class.php 第 88 行.
SQL: SHOW COLUMNS FROM `menu` [ RunTime:0.0003s ]
SQL: SELECT * FROM `menu` WHERE ( up_id=0 ) ORDER BY show_order  [ RunTime:0.0002s ]
INFO: [ app_end ] --START--
INFO: Run Behavior\ShowPageTraceBehavior [ RunTime:0.000349s ]
INFO: [ app_end ] --END-- [ RunTime:0.000388s ]

[ 2017-05-12T15:30:25+08:00 ] 221.2.52.247 /ThinkAce/Super/Menu/oneMenuDate?_=1494574253516
INFO: [ app_begin ] --START--
INFO: Run Behavior\ReadHtmlCacheBehavior [ RunTime:0.000490s ]
INFO: [ app_begin ] --END-- [ RunTime:0.000824s ]
SQL: SHOW COLUMNS FROM `super` [ RunTime:0.0007s ]
SQL: SELECT * FROM `super` WHERE `id` = 1 LIMIT 1   [ RunTime:0.0001s ]
SQL: SHOW COLUMNS FROM `role` [ RunTime:0.0004s ]
SQL: SELECT * FROM `role` WHERE `role_id` = 0 LIMIT 1   [ RunTime:0.0001s ]
SQL: SHOW COLUMNS FROM `auth` [ RunTime:0.0003s ]
SQL: SELECT * FROM `auth` WHERE ( auth_level=0 )  [ RunTime:0.0001s ]
SQL: SELECT * FROM `auth` WHERE ( auth_level=1 )  [ RunTime:0.0001s ]
NOTIC: [2048] Declaration of Model\SuperModel::check() should be compatible with Think\Model::check($value, $rule, $type = 'regex') /var/www/html/ThinkAce/Model/SuperModel.class.php 第 88 行.
SQL: SHOW COLUMNS FROM `menu` [ RunTime:0.0004s ]
SQL: SELECT * FROM `menu` WHERE ( up_id=0 ) ORDER BY show_order  [ RunTime:0.0002s ]
INFO: [ app_end ] --START--
INFO: Run Behavior\ShowPageTraceBehavior [ RunTime:0.000467s ]
INFO: [ app_end ] --END-- [ RunTime:0.000516s ]

[ 2017-05-12T15:30:43+08:00 ] 221.2.52.247 /ThinkAce/Super/Menu/oneMenuDate?_=1494574272065
INFO: [ app_begin ] --START--
INFO: Run Behavior\ReadHtmlCacheBehavior [ RunTime:0.000505s ]
INFO: [ app_begin ] --END-- [ RunTime:0.000799s ]
SQL: SHOW COLUMNS FROM `super` [ RunTime:0.0005s ]
SQL: SELECT * FROM `super` WHERE `id` = 1 LIMIT 1   [ RunTime:0.0001s ]
SQL: SHOW COLUMNS FROM `role` [ RunTime:0.0004s ]
SQL: SELECT * FROM `role` WHERE `role_id` = 0 LIMIT 1   [ RunTime:0.0001s ]
SQL: SHOW COLUMNS FROM `auth` [ RunTime:0.0003s ]
SQL: SELECT * FROM `auth` WHERE ( auth_level=0 )  [ RunTime:0.0000s ]
SQL: SELECT * FROM `auth` WHERE ( auth_level=1 )  [ RunTime:0.0000s ]
NOTIC: [2048] Declaration of Model\SuperModel::check() should be compatible with Think\Model::check($value, $rule, $type = 'regex') /var/www/html/ThinkAce/Model/SuperModel.class.php 第 88 行.
SQL: SHOW COLUMNS FROM `menu` [ RunTime:0.0003s ]
SQL: SELECT * FROM `menu` WHERE ( up_id=0 ) ORDER BY show_order  [ RunTime:0.0107s ]
INFO: [ app_end ] --START--
INFO: Run Behavior\ShowPageTraceBehavior [ RunTime:0.000585s ]
INFO: [ app_end ] --END-- [ RunTime:0.000660s ]

[ 2017-05-12T15:30:47+08:00 ] 221.2.52.247 /ThinkAce/Super/Menu/oneMenuDate?_=1494574275311
INFO: [ app_begin ] --START--
INFO: Run Behavior\ReadHtmlCacheBehavior [ RunTime:0.000319s ]
INFO: [ app_begin ] --END-- [ RunTime:0.000558s ]
SQL: SHOW COLUMNS FROM `super` [ RunTime:0.0005s ]
SQL: SELECT * FROM `super` WHERE `id` = 1 LIMIT 1   [ RunTime:0.0001s ]
SQL: SHOW COLUMNS FROM `role` [ RunTime:0.0004s ]
SQL: SELECT * FROM `role` WHERE `role_id` = 0 LIMIT 1   [ RunTime:0.0001s ]
SQL: SHOW COLUMNS FROM `auth` [ RunTime:0.0004s ]
SQL: SELECT * FROM `auth` WHERE ( auth_level=0 )  [ RunTime:0.0001s ]
SQL: SELECT * FROM `auth` WHERE ( auth_level=1 )  [ RunTime:0.0000s ]
NOTIC: [2048] Declaration of Model\SuperModel::check() should be compatible with Think\Model::check($value, $rule, $type = 'regex') /var/www/html/ThinkAce/Model/SuperModel.class.php 第 88 行.
SQL: SHOW COLUMNS FROM `menu` [ RunTime:0.0004s ]
SQL: SELECT * FROM `menu` WHERE ( up_id=0 ) ORDER BY show_order  [ RunTime:0.0000s ]
INFO: [ app_end ] --START--
INFO: Run Behavior\ShowPageTraceBehavior [ RunTime:0.000408s ]
INFO: [ app_end ] --END-- [ RunTime:0.000453s ]

[ 2017-05-12T15:30:48+08:00 ] 221.2.52.247 /ThinkAce/Super/Menu/oneMenuDate?_=1494574276664
INFO: [ app_begin ] --START--
INFO: Run Behavior\ReadHtmlCacheBehavior [ RunTime:0.000447s ]
INFO: [ app_begin ] --END-- [ RunTime:0.000797s ]
SQL: SHOW COLUMNS FROM `super` [ RunTime:0.0007s ]
SQL: SELECT * FROM `super` WHERE `id` = 1 LIMIT 1   [ RunTime:0.0001s ]
SQL: SHOW COLUMNS FROM `role` [ RunTime:0.0005s ]
SQL: SELECT * FROM `role` WHERE `role_id` = 0 LIMIT 1   [ RunTime:0.0001s ]
SQL: SHOW COLUMNS FROM `auth` [ RunTime:0.0005s ]
SQL: SELECT * FROM `auth` WHERE ( auth_level=0 )  [ RunTime:0.0001s ]
SQL: SELECT * FROM `auth` WHERE ( auth_level=1 )  [ RunTime:0.0001s ]
NOTIC: [2048] Declaration of Model\SuperModel::check() should be compatible with Think\Model::check($value, $rule, $type = 'regex') /var/www/html/ThinkAce/Model/SuperModel.class.php 第 88 行.
SQL: SHOW COLUMNS FROM `menu` [ RunTime:0.0006s ]
SQL: SELECT * FROM `menu` WHERE ( up_id=0 ) ORDER BY show_order  [ RunTime:0.0001s ]
INFO: [ app_end ] --START--
INFO: Run Behavior\ShowPageTraceBehavior [ RunTime:0.000514s ]
INFO: [ app_end ] --END-- [ RunTime:0.000582s ]

[ 2017-05-12T15:33:48+08:00 ] 221.2.52.247 /ThinkAce/Super/Menu/oneMenuDate?_=1494574457020
INFO: [ app_begin ] --START--
INFO: Run Behavior\ReadHtmlCacheBehavior [ RunTime:0.000302s ]
INFO: [ app_begin ] --END-- [ RunTime:0.000543s ]
SQL: SHOW COLUMNS FROM `super` [ RunTime:0.0005s ]
SQL: SELECT * FROM `super` WHERE `id` = 1 LIMIT 1   [ RunTime:0.0001s ]
SQL: SHOW COLUMNS FROM `role` [ RunTime:0.0004s ]
SQL: SELECT * FROM `role` WHERE `role_id` = 0 LIMIT 1   [ RunTime:0.0001s ]
SQL: SHOW COLUMNS FROM `auth` [ RunTime:0.0003s ]
SQL: SELECT * FROM `auth` WHERE ( auth_level=0 )  [ RunTime:0.0000s ]
SQL: SELECT * FROM `auth` WHERE ( auth_level=1 )  [ RunTime:0.0000s ]
NOTIC: [2048] Declaration of Model\SuperModel::check() should be compatible with Think\Model::check($value, $rule, $type = 'regex') /var/www/html/ThinkAce/Model/SuperModel.class.php 第 88 行.
SQL: SHOW COLUMNS FROM `menu` [ RunTime:0.0003s ]
SQL: SELECT * FROM `menu` WHERE ( up_id=0 ) ORDER BY show_order  [ RunTime:0.0002s ]
INFO: [ app_end ] --START--
INFO: Run Behavior\ShowPageTraceBehavior [ RunTime:0.000382s ]
INFO: [ app_end ] --END-- [ RunTime:0.000422s ]

[ 2017-05-12T15:33:53+08:00 ] 221.2.52.247 /ThinkAce/Super/Menu/oneMenuDate?_=1494574461664
INFO: [ app_begin ] --START--
INFO: Run Behavior\ReadHtmlCacheBehavior [ RunTime:0.000433s ]
INFO: [ app_begin ] --END-- [ RunTime:0.000733s ]
SQL: SHOW COLUMNS FROM `super` [ RunTime:0.0006s ]
SQL: SELECT * FROM `super` WHERE `id` = 1 LIMIT 1   [ RunTime:0.0001s ]
SQL: SHOW COLUMNS FROM `role` [ RunTime:0.0004s ]
SQL: SELECT * FROM `role` WHERE `role_id` = 0 LIMIT 1   [ RunTime:0.0001s ]
SQL: SHOW COLUMNS FROM `auth` [ RunTime:0.0004s ]
SQL: SELECT * FROM `auth` WHERE ( auth_level=0 )  [ RunTime:0.0001s ]
SQL: SELECT * FROM `auth` WHERE ( auth_level=1 )  [ RunTime:0.0002s ]
NOTIC: [2048] Declaration of Model\SuperModel::check() should be compatible with Think\Model::check($value, $rule, $type = 'regex') /var/www/html/ThinkAce/Model/SuperModel.class.php 第 88 行.
SQL: SHOW COLUMNS FROM `menu` [ RunTime:0.0006s ]
SQL: SELECT * FROM `menu` WHERE ( up_id=0 ) ORDER BY show_order  [ RunTime:0.0003s ]
INFO: [ app_end ] --START--
INFO: Run Behavior\ShowPageTraceBehavior [ RunTime:0.000791s ]
INFO: [ app_end ] --END-- [ RunTime:0.000858s ]

[ 2017-05-12T15:50:51+08:00 ] 221.2.52.247 /ThinkAce/Super/Menu/oneMenuDate?_=1494575479949
INFO: [ app_begin ] --START--
INFO: Run Behavior\ReadHtmlCacheBehavior [ RunTime:0.000332s ]
INFO: [ app_begin ] --END-- [ RunTime:0.000567s ]
SQL: SHOW COLUMNS FROM `super` [ RunTime:0.0005s ]
SQL: SELECT * FROM `super` WHERE `id` = 1 LIMIT 1   [ RunTime:0.0001s ]
SQL: SHOW COLUMNS FROM `role` [ RunTime:0.0003s ]
SQL: SELECT * FROM `role` WHERE `role_id` = 0 LIMIT 1   [ RunTime:0.0001s ]
SQL: SHOW COLUMNS FROM `auth` [ RunTime:0.0003s ]
SQL: SELECT * FROM `auth` WHERE ( auth_level=0 )  [ RunTime:0.0000s ]
SQL: SELECT * FROM `auth` WHERE ( auth_level=1 )  [ RunTime:0.0001s ]
NOTIC: [2048] Declaration of Model\SuperModel::check() should be compatible with Think\Model::check($value, $rule, $type = 'regex') /var/www/html/ThinkAce/Model/SuperModel.class.php 第 88 行.
SQL: SHOW COLUMNS FROM `menu` [ RunTime:0.0003s ]
SQL: SELECT * FROM `menu` WHERE ( up_id=0 ) ORDER BY show_order  [ RunTime:0.0002s ]
INFO: [ app_end ] --START--
INFO: Run Behavior\ShowPageTraceBehavior [ RunTime:0.000335s ]
INFO: [ app_end ] --END-- [ RunTime:0.000372s ]

[ 2017-05-12T15:51:01+08:00 ] 221.2.52.247 /ThinkAce/Super/Menu/oneMenuDate?_=1494575489385
INFO: [ app_begin ] --START--
INFO: Run Behavior\ReadHtmlCacheBehavior [ RunTime:0.000351s ]
INFO: [ app_begin ] --END-- [ RunTime:0.002693s ]
SQL: SHOW COLUMNS FROM `super` [ RunTime:0.0006s ]
SQL: SELECT * FROM `super` WHERE `id` = 1 LIMIT 1   [ RunTime:0.0001s ]
SQL: SHOW COLUMNS FROM `role` [ RunTime:0.0005s ]
SQL: SELECT * FROM `role` WHERE `role_id` = 0 LIMIT 1   [ RunTime:0.0001s ]
SQL: SHOW COLUMNS FROM `auth` [ RunTime:0.0004s ]
SQL: SELECT * FROM `auth` WHERE ( auth_level=0 )  [ RunTime:0.0001s ]
SQL: SELECT * FROM `auth` WHERE ( auth_level=1 )  [ RunTime:0.0000s ]
NOTIC: [2048] Declaration of Model\SuperModel::check() should be compatible with Think\Model::check($value, $rule, $type = 'regex') /var/www/html/ThinkAce/Model/SuperModel.class.php 第 88 行.
SQL: SHOW COLUMNS FROM `menu` [ RunTime:0.0004s ]
SQL: SELECT * FROM `menu` WHERE ( up_id=0 ) ORDER BY show_order  [ RunTime:0.0002s ]
INFO: [ app_end ] --START--
INFO: Run Behavior\ShowPageTraceBehavior [ RunTime:0.000394s ]
INFO: [ app_end ] --END-- [ RunTime:0.000443s ]

[ 2017-05-12T15:51:15+08:00 ] 221.2.52.247 /ThinkAce/Super/Menu/oneMenuDate?_=1494575503314
INFO: [ app_begin ] --START--
INFO: Run Behavior\ReadHtmlCacheBehavior [ RunTime:0.000321s ]
INFO: [ app_begin ] --END-- [ RunTime:0.000533s ]
SQL: SHOW COLUMNS FROM `super` [ RunTime:0.0004s ]
SQL: SELECT * FROM `super` WHERE `id` = 1 LIMIT 1   [ RunTime:0.0000s ]
SQL: SHOW COLUMNS FROM `role` [ RunTime:0.0004s ]
SQL: SELECT * FROM `role` WHERE `role_id` = 0 LIMIT 1   [ RunTime:0.0001s ]
SQL: SHOW COLUMNS FROM `auth` [ RunTime:0.0003s ]
SQL: SELECT * FROM `auth` WHERE ( auth_level=0 )  [ RunTime:0.0001s ]
SQL: SELECT * FROM `auth` WHERE ( auth_level=1 )  [ RunTime:0.0000s ]
NOTIC: [2048] Declaration of Model\SuperModel::check() should be compatible with Think\Model::check($value, $rule, $type = 'regex') /var/www/html/ThinkAce/Model/SuperModel.class.php 第 88 行.
SQL: SHOW COLUMNS FROM `menu` [ RunTime:0.0003s ]
SQL: SELECT * FROM `menu` WHERE ( up_id=0 ) ORDER BY show_order  [ RunTime:0.0002s ]
INFO: [ app_end ] --START--
INFO: Run Behavior\ShowPageTraceBehavior [ RunTime:0.000366s ]
INFO: [ app_end ] --END-- [ RunTime:0.000410s ]

[ 2017-05-12T15:51:18+08:00 ] 221.2.52.247 /ThinkAce/Super/Menu/oneMenuDate?_=1494575506491
INFO: [ app_begin ] --START--
INFO: Run Behavior\ReadHtmlCacheBehavior [ RunTime:0.000329s ]
INFO: [ app_begin ] --END-- [ RunTime:0.000544s ]
SQL: SHOW COLUMNS FROM `super` [ RunTime:0.0005s ]
SQL: SELECT * FROM `super` WHERE `id` = 1 LIMIT 1   [ RunTime:0.0001s ]
SQL: SHOW COLUMNS FROM `role` [ RunTime:0.0003s ]
SQL: SELECT * FROM `role` WHERE `role_id` = 0 LIMIT 1   [ RunTime:0.0001s ]
SQL: SHOW COLUMNS FROM `auth` [ RunTime:0.0004s ]
SQL: SELECT * FROM `auth` WHERE ( auth_level=0 )  [ RunTime:0.0001s ]
SQL: SELECT * FROM `auth` WHERE ( auth_level=1 )  [ RunTime:0.0000s ]
NOTIC: [2048] Declaration of Model\SuperModel::check() should be compatible with Think\Model::check($value, $rule, $type = 'regex') /var/www/html/ThinkAce/Model/SuperModel.class.php 第 88 行.
SQL: SHOW COLUMNS FROM `menu` [ RunTime:0.0003s ]
SQL: SELECT * FROM `menu` WHERE ( up_id=0 ) ORDER BY show_order  [ RunTime:0.0000s ]
INFO: [ app_end ] --START--
INFO: Run Behavior\ShowPageTraceBehavior [ RunTime:0.000369s ]
INFO: [ app_end ] --END-- [ RunTime:0.000409s ]

[ 2017-05-12T17:50:03+08:00 ] 221.2.52.247 /ThinkAce/Super/Menu/oneMenuDate?_=1494582631189
INFO: [ app_begin ] --START--
INFO: Run Behavior\ReadHtmlCacheBehavior [ RunTime:0.000407s ]
INFO: [ app_begin ] --END-- [ RunTime:0.000719s ]
SQL: SHOW COLUMNS FROM `super` [ RunTime:0.0010s ]
SQL: SELECT * FROM `super` WHERE `id` = 1 LIMIT 1   [ RunTime:0.0002s ]
SQL: SHOW COLUMNS FROM `role` [ RunTime:0.0007s ]
SQL: SELECT * FROM `role` WHERE `role_id` = 0 LIMIT 1   [ RunTime:0.0001s ]
SQL: SHOW COLUMNS FROM `auth` [ RunTime:0.0005s ]
SQL: SELECT * FROM `auth` WHERE ( auth_level=0 )  [ RunTime:0.0001s ]
SQL: SELECT * FROM `auth` WHERE ( auth_level=1 )  [ RunTime:0.0000s ]
NOTIC: [2048] Declaration of Model\SuperModel::check() should be compatible with Think\Model::check($value, $rule, $type = 'regex') /var/www/html/ThinkAce/Model/SuperModel.class.php 第 88 行.
SQL: SHOW COLUMNS FROM `menu` [ RunTime:0.0005s ]
SQL: SELECT * FROM `menu` WHERE ( up_id=0 ) ORDER BY show_order  [ RunTime:0.0001s ]
INFO: [ app_end ] --START--
INFO: Run Behavior\ShowPageTraceBehavior [ RunTime:0.000622s ]
INFO: [ app_end ] --END-- [ RunTime:0.000671s ]

[ 2017-05-12T17:50:10+08:00 ] 221.2.52.247 /ThinkAce/Super/AuthAndRole/AuthDate?limit=10&offset=0&_=1494582638860
INFO: [ app_begin ] --START--
INFO: Run Behavior\ReadHtmlCacheBehavior [ RunTime:0.000347s ]
INFO: [ app_begin ] --END-- [ RunTime:0.000613s ]
SQL: SHOW COLUMNS FROM `super` [ RunTime:0.0004s ]
SQL: SELECT * FROM `super` WHERE `id` = 1 LIMIT 1   [ RunTime:0.0001s ]
SQL: SHOW COLUMNS FROM `role` [ RunTime:0.0003s ]
SQL: SELECT * FROM `role` WHERE `role_id` = 0 LIMIT 1   [ RunTime:0.0001s ]
SQL: SHOW COLUMNS FROM `auth` [ RunTime:0.0003s ]
SQL: SELECT * FROM `auth` WHERE ( auth_level=0 )  [ RunTime:0.0001s ]
SQL: SELECT * FROM `auth` WHERE ( auth_level=1 )  [ RunTime:0.0001s ]
SQL: SELECT * FROM `auth` WHERE ( auth_pid=0 ) ORDER BY auth_id DESC  [ RunTime:0.0001s ]
INFO: [ app_end ] --START--
INFO: Run Behavior\ShowPageTraceBehavior [ RunTime:0.000379s ]
INFO: [ app_end ] --END-- [ RunTime:0.000429s ]

[ 2017-05-12T20:42:09+08:00 ] 221.2.52.247 /ThinkAce/Super/Menu/oneMenuDate?_=1494592957419
INFO: [ app_begin ] --START--
INFO: Run Behavior\ReadHtmlCacheBehavior [ RunTime:0.000326s ]
INFO: [ app_begin ] --END-- [ RunTime:0.000601s ]
SQL: SHOW COLUMNS FROM `super` [ RunTime:0.0006s ]
SQL: SELECT * FROM `super` WHERE `id` = 1 LIMIT 1   [ RunTime:0.0001s ]
SQL: SHOW COLUMNS FROM `role` [ RunTime:0.0004s ]
SQL: SELECT * FROM `role` WHERE `role_id` = 0 LIMIT 1   [ RunTime:0.0008s ]
SQL: SHOW COLUMNS FROM `auth` [ RunTime:0.0003s ]
SQL: SELECT * FROM `auth` WHERE ( auth_level=0 )  [ RunTime:0.0000s ]
SQL: SELECT * FROM `auth` WHERE ( auth_level=1 )  [ RunTime:0.0001s ]
NOTIC: [2048] Declaration of Model\SuperModel::check() should be compatible with Think\Model::check($value, $rule, $type = 'regex') /var/www/html/ThinkAce/Model/SuperModel.class.php 第 88 行.
SQL: SHOW COLUMNS FROM `menu` [ RunTime:0.0004s ]
SQL: SELECT * FROM `menu` WHERE ( up_id=0 ) ORDER BY show_order  [ RunTime:0.0000s ]
INFO: [ app_end ] --START--
INFO: Run Behavior\ShowPageTraceBehavior [ RunTime:0.000393s ]
INFO: [ app_end ] --END-- [ RunTime:0.000432s ]

[ 2017-05-12T20:42:13+08:00 ] 221.2.52.247 /ThinkAce/Super/Menu/twoMenuDate/up_id/147?_=1494592961541
INFO: [ app_begin ] --START--
INFO: Run Behavior\ReadHtmlCacheBehavior [ RunTime:0.000289s ]
INFO: [ app_begin ] --END-- [ RunTime:0.000501s ]
SQL: SHOW COLUMNS FROM `super` [ RunTime:0.0005s ]
SQL: SELECT * FROM `super` WHERE `id` = 1 LIMIT 1   [ RunTime:0.0001s ]
SQL: SHOW COLUMNS FROM `role` [ RunTime:0.0003s ]
SQL: SELECT * FROM `role` WHERE `role_id` = 0 LIMIT 1   [ RunTime:0.0001s ]
SQL: SHOW COLUMNS FROM `auth` [ RunTime:0.0004s ]
SQL: SELECT * FROM `auth` WHERE ( auth_level=0 )  [ RunTime:0.0000s ]
SQL: SELECT * FROM `auth` WHERE ( auth_level=1 )  [ RunTime:0.0000s ]
NOTIC: [2048] Declaration of Model\SuperModel::check() should be compatible with Think\Model::check($value, $rule, $type = 'regex') /var/www/html/ThinkAce/Model/SuperModel.class.php 第 88 行.
SQL: SHOW COLUMNS FROM `menu` [ RunTime:0.0004s ]
SQL: SELECT * FROM `menu` WHERE ( up_id=147 ) ORDER BY show_order  [ RunTime:0.0002s ]
INFO: [ app_end ] --START--
INFO: Run Behavior\ShowPageTraceBehavior [ RunTime:0.000377s ]
INFO: [ app_end ] --END-- [ RunTime:0.000414s ]

[ 2017-05-12T20:42:16+08:00 ] 221.2.52.247 /ThinkAce/Super/Menu/oneMenuDate?_=1494592964501
INFO: [ app_begin ] --START--
INFO: Run Behavior\ReadHtmlCacheBehavior [ RunTime:0.000390s ]
INFO: [ app_begin ] --END-- [ RunTime:0.000665s ]
SQL: SHOW COLUMNS FROM `super` [ RunTime:0.0005s ]
SQL: SELECT * FROM `super` WHERE `id` = 1 LIMIT 1   [ RunTime:0.0001s ]
SQL: SHOW COLUMNS FROM `role` [ RunTime:0.0004s ]
SQL: SELECT * FROM `role` WHERE `role_id` = 0 LIMIT 1   [ RunTime:0.0002s ]
SQL: SHOW COLUMNS FROM `auth` [ RunTime:0.0004s ]
SQL: SELECT * FROM `auth` WHERE ( auth_level=0 )  [ RunTime:0.0001s ]
SQL: SELECT * FROM `auth` WHERE ( auth_level=1 )  [ RunTime:0.0001s ]
NOTIC: [2048] Declaration of Model\SuperModel::check() should be compatible with Think\Model::check($value, $rule, $type = 'regex') /var/www/html/ThinkAce/Model/SuperModel.class.php 第 88 行.
SQL: SHOW COLUMNS FROM `menu` [ RunTime:0.0005s ]
SQL: SELECT * FROM `menu` WHERE ( up_id=0 ) ORDER BY show_order  [ RunTime:0.0001s ]
INFO: [ app_end ] --START--
INFO: Run Behavior\ShowPageTraceBehavior [ RunTime:0.000416s ]
INFO: [ app_end ] --END-- [ RunTime:0.000467s ]

[ 2017-05-12T20:44:36+08:00 ] 221.2.52.247 /ThinkAce/Super/Menu/twoMenuDate/up_id/147?_=1494593105001
INFO: [ app_begin ] --START--
INFO: Run Behavior\ReadHtmlCacheBehavior [ RunTime:0.000603s ]
INFO: [ app_begin ] --END-- [ RunTime:0.000895s ]
SQL: SHOW COLUMNS FROM `super` [ RunTime:0.0007s ]
SQL: SELECT * FROM `super` WHERE `id` = 1 LIMIT 1   [ RunTime:0.0001s ]
SQL: SHOW COLUMNS FROM `role` [ RunTime:0.0006s ]
SQL: SELECT * FROM `role` WHERE `role_id` = 0 LIMIT 1   [ RunTime:0.0001s ]
SQL: SHOW COLUMNS FROM `auth` [ RunTime:0.0005s ]
SQL: SELECT * FROM `auth` WHERE ( auth_level=0 )  [ RunTime:0.0001s ]
SQL: SELECT * FROM `auth` WHERE ( auth_level=1 )  [ RunTime:0.0001s ]
NOTIC: [2048] Declaration of Model\SuperModel::check() should be compatible with Think\Model::check($value, $rule, $type = 'regex') /var/www/html/ThinkAce/Model/SuperModel.class.php 第 88 行.
SQL: SHOW COLUMNS FROM `menu` [ RunTime:0.0006s ]
SQL: SELECT * FROM `menu` WHERE ( up_id=147 ) ORDER BY show_order  [ RunTime:0.0001s ]
INFO: [ app_end ] --START--
INFO: Run Behavior\ShowPageTraceBehavior [ RunTime:0.000572s ]
INFO: [ app_end ] --END-- [ RunTime:0.000630s ]

[ 2017-05-12T20:44:39+08:00 ] 221.2.52.247 /ThinkAce/Super/Menu/oneMenuDate?_=1494593107737
INFO: [ app_begin ] --START--
INFO: Run Behavior\ReadHtmlCacheBehavior [ RunTime:0.000441s ]
INFO: [ app_begin ] --END-- [ RunTime:0.000740s ]
SQL: SHOW COLUMNS FROM `super` [ RunTime:0.0005s ]
SQL: SELECT * FROM `super` WHERE `id` = 1 LIMIT 1   [ RunTime:0.0001s ]
SQL: SHOW COLUMNS FROM `role` [ RunTime:0.0004s ]
SQL: SELECT * FROM `role` WHERE `role_id` = 0 LIMIT 1   [ RunTime:0.0001s ]
SQL: SHOW COLUMNS FROM `auth` [ RunTime:0.0004s ]
SQL: SELECT * FROM `auth` WHERE ( auth_level=0 )  [ RunTime:0.0001s ]
SQL: SELECT * FROM `auth` WHERE ( auth_level=1 )  [ RunTime:0.0001s ]
NOTIC: [2048] Declaration of Model\SuperModel::check() should be compatible with Think\Model::check($value, $rule, $type = 'regex') /var/www/html/ThinkAce/Model/SuperModel.class.php 第 88 行.
SQL: SHOW COLUMNS FROM `menu` [ RunTime:0.0004s ]
SQL: SELECT * FROM `menu` WHERE ( up_id=0 ) ORDER BY show_order  [ RunTime:0.0001s ]
INFO: [ app_end ] --START--
INFO: Run Behavior\ShowPageTraceBehavior [ RunTime:0.000478s ]
INFO: [ app_end ] --END-- [ RunTime:0.000532s ]

