[ 2017-05-28T00:47:47+08:00 ] 101.226.102.70 /six/Home/Index/index.html
INFO: [ app_init ] --START--
INFO: Run Behavior\BuildLiteBehavior [ RunTime:0.000012s ]
INFO: [ app_init ] --END-- [ RunTime:0.000323s ]
INFO: [ app_begin ] --START--
INFO: Run Behavior\ReadHtmlCacheBehavior [ RunTime:0.000273s ]
INFO: [ app_begin ] --END-- [ RunTime:0.000307s ]
SQL: SHOW COLUMNS FROM `menu` [ RunTime:0.0005s ]
SQL: SELECT * FROM `menu` WHERE ( up_id=0 ) ORDER BY show_order  [ RunTime:0.0001s ]
SQL: SELECT * FROM `menu` WHERE ( up_id!=0 ) ORDER BY show_order  [ RunTime:0.0001s ]
SQL: SHOW COLUMNS FROM `all_mess` [ RunTime:0.0003s ]
SQL: SELECT * FROM `all_mess`  [ RunTime:0.0001s ]
SQL: SELECT * FROM `all_mess` WHERE ( k='banner' ) LIMIT 1   [ RunTime:0.0001s ]
SQL: SHOW COLUMNS FROM `menu_cont` [ RunTime:0.0004s ]
SQL: SELECT * FROM `menu_cont` WHERE ( state=1 ) ORDER BY top_time DESC , created_at DESC LIMIT 10   [ RunTime:0.0001s ]
SQL: SELECT * FROM `menu_cont` WHERE ( state=1 ) ORDER BY created_at DESC LIMIT 10   [ RunTime:0.0001s ]
SQL: SELECT * FROM `menu_cont` WHERE ( state=1 ) ORDER BY click_num DESC LIMIT 10   [ RunTime:0.0001s ]
SQL: SHOW COLUMNS FROM `links` [ RunTime:0.0004s ]
SQL: SELECT * FROM `links` WHERE ( state=1 ) ORDER BY top_time DESC , show_order DESC LIMIT 8   [ RunTime:0.0001s ]
INFO: [ view_parse ] --START--
INFO: [ template_filter ] --START--
INFO: Run Behavior\ContentReplaceBehavior [ RunTime:0.000083s ]
INFO: [ template_filter ] --END-- [ RunTime:0.000168s ]
NOTIC: [8] Undefined variable: settings /opt/data/six/Runtime/Cache/Home/ab5fb2f5a76918df787758b2c2ca94c7.php 第 188 行.
INFO: Run Behavior\ParseTemplateBehavior [ RunTime:0.015849s ]
INFO: [ view_parse ] --END-- [ RunTime:0.015891s ]
INFO: [ view_filter ] --START--
INFO: Run Behavior\WriteHtmlCacheBehavior [ RunTime:0.000114s ]
INFO: [ view_filter ] --END-- [ RunTime:0.000141s ]
INFO: [ app_end ] --START--
INFO: Run Behavior\ShowPageTraceBehavior [ RunTime:0.000339s ]
INFO: [ app_end ] --END-- [ RunTime:0.000383s ]

