[ 2017-05-26T07:57:29+08:00 ] 101.226.68.215 /six/Home/Index/mlist/id/12
INFO: [ app_init ] --START--
INFO: Run Behavior\BuildLiteBehavior [ RunTime:0.000013s ]
INFO: [ app_init ] --END-- [ RunTime:0.000227s ]
INFO: [ app_begin ] --START--
INFO: Run Behavior\ReadHtmlCacheBehavior [ RunTime:0.000311s ]
INFO: [ app_begin ] --END-- [ RunTime:0.000361s ]
SQL: SHOW COLUMNS FROM `menu` [ RunTime:0.0005s ]
SQL: SELECT * FROM `menu` WHERE ( up_id=0 ) ORDER BY show_order  [ RunTime:0.0001s ]
SQL: SELECT * FROM `menu` WHERE ( up_id!=0 ) ORDER BY show_order  [ RunTime:0.0001s ]
SQL: SHOW COLUMNS FROM `all_mess` [ RunTime:0.0003s ]
SQL: SELECT * FROM `all_mess`  [ RunTime:0.0001s ]
SQL: SHOW COLUMNS FROM `menu_cont` [ RunTime:0.0004s ]
SQL: SELECT * FROM `menu_cont` WHERE ( state=1 and menu_id=12 ) ORDER BY top_time DESC , show_order DESC LIMIT 10   [ RunTime:0.0001s ]
SQL: SHOW COLUMNS FROM `menu` [ RunTime:0.0004s ]
SQL: SELECT * FROM `menu` WHERE `id` = 12 LIMIT 1   [ RunTime:0.0001s ]
SQL: SELECT * FROM `menu` WHERE ( up_id=4 and state=1 ) ORDER BY show_order LIMIT 4   [ RunTime:0.0001s ]
SQL: SELECT * FROM `menu_cont` WHERE ( state=1 ) ORDER BY click_num DESC LIMIT 10   [ RunTime:0.0001s ]
SQL: SELECT * FROM `menu` WHERE `id` = 4 LIMIT 1   [ RunTime:0.0001s ]
INFO: [ view_parse ] --START--
INFO: [ template_filter ] --START--
INFO: Run Behavior\ContentReplaceBehavior [ RunTime:0.000065s ]
INFO: [ template_filter ] --END-- [ RunTime:0.000114s ]
NOTIC: [8] Undefined variable: settings /opt/data/six/Runtime/Cache/Home/6dfe69ceb313e6b6039a09bb00cc2a75.php 第 165 行.
INFO: Run Behavior\ParseTemplateBehavior [ RunTime:0.013585s ]
INFO: [ view_parse ] --END-- [ RunTime:0.013623s ]
INFO: [ view_filter ] --START--
INFO: Run Behavior\WriteHtmlCacheBehavior [ RunTime:0.000152s ]
INFO: [ view_filter ] --END-- [ RunTime:0.000208s ]
INFO: [ app_end ] --START--
INFO: Run Behavior\ShowPageTraceBehavior [ RunTime:0.000362s ]
INFO: [ app_end ] --END-- [ RunTime:0.000400s ]

[ 2017-05-26T08:20:22+08:00 ] 183.57.53.197 /six/Home/Index/cont/id/20
INFO: [ app_init ] --START--
INFO: Run Behavior\BuildLiteBehavior [ RunTime:0.000013s ]
INFO: [ app_init ] --END-- [ RunTime:0.000243s ]
INFO: [ app_begin ] --START--
INFO: Run Behavior\ReadHtmlCacheBehavior [ RunTime:0.000268s ]
INFO: [ app_begin ] --END-- [ RunTime:0.000303s ]
SQL: SHOW COLUMNS FROM `menu` [ RunTime:0.0005s ]
SQL: SELECT * FROM `menu` WHERE ( up_id=0 ) ORDER BY show_order  [ RunTime:0.0001s ]
SQL: SELECT * FROM `menu` WHERE ( up_id!=0 ) ORDER BY show_order  [ RunTime:0.0001s ]
SQL: SHOW COLUMNS FROM `all_mess` [ RunTime:0.0003s ]
SQL: SELECT * FROM `all_mess`  [ RunTime:0.0001s ]
SQL: SHOW COLUMNS FROM `menu_cont` [ RunTime:0.0003s ]
SQL: SELECT * FROM `menu_cont` WHERE `id` = 20 LIMIT 1   [ RunTime:0.0002s ]
SQL: SHOW COLUMNS FROM `menu` [ RunTime:0.0003s ]
SQL: SELECT * FROM `menu` WHERE `id` = 5 LIMIT 1   [ RunTime:0.0001s ]
SQL: SELECT * FROM `menu` WHERE `id` = 1 LIMIT 1   [ RunTime:0.0001s ]
SQL: SELECT * FROM `menu` WHERE ( up_id=1  and state=1 ) ORDER BY show_order LIMIT 4   [ RunTime:0.0001s ]
SQL: SELECT * FROM `menu_cont` WHERE ( state=1 ) ORDER BY click_num DESC LIMIT 10   [ RunTime:0.0001s ]
INFO: [ view_parse ] --START--
INFO: [ template_filter ] --START--
INFO: Run Behavior\ContentReplaceBehavior [ RunTime:0.000055s ]
INFO: [ template_filter ] --END-- [ RunTime:0.000103s ]
SQL: SHOW COLUMNS FROM `menu_cont` [ RunTime:0.0006s ]
SQL: UPDATE `menu_cont` SET `click_num`=click_num+1 WHERE ( id=20 ) [ RunTime:0.0002s ]
NOTIC: [8] Undefined index: category_id /opt/data/six/Runtime/Cache/Home/621ba2acf41da606de767209a1d50c98.php 第 118 行.
NOTIC: [8] Undefined index: category_id /opt/data/six/Runtime/Cache/Home/621ba2acf41da606de767209a1d50c98.php 第 120 行.
NOTIC: [8] Undefined variable: settings /opt/data/six/Runtime/Cache/Home/621ba2acf41da606de767209a1d50c98.php 第 156 行.
INFO: Run Behavior\ParseTemplateBehavior [ RunTime:0.014334s ]
INFO: [ view_parse ] --END-- [ RunTime:0.014369s ]
INFO: [ view_filter ] --START--
INFO: Run Behavior\WriteHtmlCacheBehavior [ RunTime:0.000122s ]
INFO: [ view_filter ] --END-- [ RunTime:0.000149s ]
INFO: [ app_end ] --START--
INFO: Run Behavior\ShowPageTraceBehavior [ RunTime:0.000313s ]
INFO: [ app_end ] --END-- [ RunTime:0.000356s ]

