[ 2017-05-27T05:36:02+08:00 ] 183.57.53.196 /six/Home/Index/mlist/id/12
INFO: [ app_init ] --START--
INFO: Run Behavior\BuildLiteBehavior [ RunTime:0.000074s ]
INFO: [ app_init ] --END-- [ RunTime:0.000700s ]
INFO: [ app_begin ] --START--
INFO: Run Behavior\ReadHtmlCacheBehavior [ RunTime:0.000455s ]
INFO: [ app_begin ] --END-- [ RunTime:0.000507s ]
SQL: SHOW COLUMNS FROM `menu` [ RunTime:0.0007s ]
SQL: SELECT * FROM `menu` WHERE ( up_id=0 ) ORDER BY show_order  [ RunTime:0.0004s ]
SQL: SELECT * FROM `menu` WHERE ( up_id!=0 ) ORDER BY show_order  [ RunTime:0.0001s ]
SQL: SHOW COLUMNS FROM `all_mess` [ RunTime:0.0011s ]
SQL: SELECT * FROM `all_mess`  [ RunTime:0.0001s ]
SQL: SHOW COLUMNS FROM `menu_cont` [ RunTime:0.0005s ]
SQL: SELECT * FROM `menu_cont` WHERE ( state=1 and menu_id=12 ) ORDER BY top_time DESC , show_order DESC LIMIT 10   [ RunTime:0.0003s ]
SQL: SHOW COLUMNS FROM `menu` [ RunTime:0.0006s ]
SQL: SELECT * FROM `menu` WHERE `id` = 12 LIMIT 1   [ RunTime:0.0001s ]
SQL: SELECT * FROM `menu` WHERE ( up_id=4 and state=1 ) ORDER BY show_order LIMIT 4   [ RunTime:0.0001s ]
SQL: SELECT * FROM `menu_cont` WHERE ( state=1 ) ORDER BY click_num DESC LIMIT 10   [ RunTime:0.0004s ]
SQL: SELECT * FROM `menu` WHERE `id` = 4 LIMIT 1   [ RunTime:0.0001s ]
INFO: [ view_parse ] --START--
INFO: [ template_filter ] --START--
INFO: Run Behavior\ContentReplaceBehavior [ RunTime:0.000182s ]
INFO: [ template_filter ] --END-- [ RunTime:0.000260s ]
NOTIC: [8] Undefined variable: settings /opt/data/six/Runtime/Cache/Home/6dfe69ceb313e6b6039a09bb00cc2a75.php Á¨¨ 165 Ë°å.
INFO: Run Behavior\ParseTemplateBehavior [ RunTime:0.027222s ]
INFO: [ view_parse ] --END-- [ RunTime:0.027470s ]
INFO: [ view_filter ] --START--
INFO: Run Behavior\WriteHtmlCacheBehavior [ RunTime:0.000159s ]
INFO: [ view_filter ] --END-- [ RunTime:0.000203s ]
INFO: [ app_end ] --START--
INFO: Run Behavior\ShowPageTraceBehavior [ RunTime:0.000517s ]
INFO: [ app_end ] --END-- [ RunTime:0.000975s ]

[ 2017-05-27T08:03:47+08:00 ] 183.57.53.222 /six/Home/Index/diary
INFO: [ app_init ] --START--
INFO: Run Behavior\BuildLiteBehavior [ RunTime:0.000013s ]
INFO: [ app_init ] --END-- [ RunTime:0.000320s ]
INFO: [ app_begin ] --START--
INFO: Run Behavior\ReadHtmlCacheBehavior [ RunTime:0.000300s ]
INFO: [ app_begin ] --END-- [ RunTime:0.001330s ]
SQL: SHOW COLUMNS FROM `menu` [ RunTime:0.0005s ]
SQL: SELECT * FROM `menu` WHERE ( up_id=0 ) ORDER BY show_order  [ RunTime:0.0001s ]
SQL: SELECT * FROM `menu` WHERE ( up_id!=0 ) ORDER BY show_order  [ RunTime:0.0001s ]
SQL: SHOW COLUMNS FROM `all_mess` [ RunTime:0.0003s ]
SQL: SELECT * FROM `all_mess`  [ RunTime:0.0001s ]
SQL: SHOW COLUMNS FROM `diary` [ RunTime:0.0004s ]
SQL: SELECT * FROM `diary` WHERE ( state=1 ) ORDER BY top_time DESC , created_at DESC LIMIT 10   [ RunTime:0.0001s ]
INFO: [ view_parse ] --START--
INFO: [ template_filter ] --START--
INFO: Run Behavior\ContentReplaceBehavior [ RunTime:0.000060s ]
INFO: [ template_filter ] --END-- [ RunTime:0.000107s ]
NOTIC: [8] Undefined variable: settings /opt/data/six/Runtime/Cache/Home/ec9ddffae84f7bc56a2868abca63744f.php Á¨¨ 120 Ë°å.
INFO: Run Behavior\ParseTemplateBehavior [ RunTime:0.011592s ]
INFO: [ view_parse ] --END-- [ RunTime:0.011644s ]
INFO: [ view_filter ] --START--
INFO: Run Behavior\WriteHtmlCacheBehavior [ RunTime:0.000122s ]
INFO: [ view_filter ] --END-- [ RunTime:0.000149s ]
INFO: [ app_end ] --START--
INFO: Run Behavior\ShowPageTraceBehavior [ RunTime:0.000321s ]
INFO: [ app_end ] --END-- [ RunTime:0.000354s ]

[ 2017-05-27T20:22:34+08:00 ] 103.47.214.195 /six/
INFO: [ app_init ] --START--
INFO: Run Behavior\BuildLiteBehavior [ RunTime:0.000019s ]
INFO: [ app_init ] --END-- [ RunTime:0.000372s ]
INFO: [ app_begin ] --START--
INFO: Run Behavior\ReadHtmlCacheBehavior [ RunTime:0.000570s ]
INFO: [ app_begin ] --END-- [ RunTime:0.000632s ]
SQL: SHOW COLUMNS FROM `menu` [ RunTime:0.0010s ]
SQL: SELECT * FROM `menu` WHERE ( up_id=0 ) ORDER BY show_order  [ RunTime:0.0001s ]
SQL: SELECT * FROM `menu` WHERE ( up_id!=0 ) ORDER BY show_order  [ RunTime:0.0001s ]
SQL: SHOW COLUMNS FROM `all_mess` [ RunTime:0.0004s ]
SQL: SELECT * FROM `all_mess`  [ RunTime:0.0001s ]
SQL: SELECT * FROM `all_mess` WHERE ( k='banner' ) LIMIT 1   [ RunTime:0.0001s ]
SQL: SHOW COLUMNS FROM `menu_cont` [ RunTime:0.0004s ]
SQL: SELECT * FROM `menu_cont` WHERE ( state=1 ) ORDER BY top_time DESC , created_at DESC LIMIT 10   [ RunTime:0.0004s ]
SQL: SELECT * FROM `menu_cont` WHERE ( state=1 ) ORDER BY created_at DESC LIMIT 10   [ RunTime:0.0003s ]
SQL: SELECT * FROM `menu_cont` WHERE ( state=1 ) ORDER BY click_num DESC LIMIT 10   [ RunTime:0.0001s ]
SQL: SHOW COLUMNS FROM `links` [ RunTime:0.0004s ]
SQL: SELECT * FROM `links` WHERE ( state=1 ) ORDER BY top_time DESC , show_order DESC LIMIT 8   [ RunTime:0.0001s ]
INFO: [ view_parse ] --START--
INFO: [ template_filter ] --START--
INFO: Run Behavior\ContentReplaceBehavior [ RunTime:0.000061s ]
INFO: [ template_filter ] --END-- [ RunTime:0.000112s ]
NOTIC: [8] Undefined variable: settings /opt/data/six/Runtime/Cache/Home/ab5fb2f5a76918df787758b2c2ca94c7.php Á¨¨ 188 Ë°å.
INFO: Run Behavior\ParseTemplateBehavior [ RunTime:0.015461s ]
INFO: [ view_parse ] --END-- [ RunTime:0.015508s ]
INFO: [ view_filter ] --START--
INFO: Run Behavior\WriteHtmlCacheBehavior [ RunTime:0.000110s ]
INFO: [ view_filter ] --END-- [ RunTime:0.000137s ]
INFO: [ app_end ] --START--
INFO: Run Behavior\ShowPageTraceBehavior [ RunTime:0.000344s ]
INFO: [ app_end ] --END-- [ RunTime:0.000377s ]

[ 2017-05-27T20:22:44+08:00 ] 101.226.89.120 /six/
INFO: [ app_init ] --START--
INFO: Run Behavior\BuildLiteBehavior [ RunTime:0.000016s ]
INFO: [ app_init ] --END-- [ RunTime:0.000480s ]
INFO: [ app_begin ] --START--
INFO: Run Behavior\ReadHtmlCacheBehavior [ RunTime:0.000350s ]
INFO: [ app_begin ] --END-- [ RunTime:0.000397s ]
SQL: SHOW COLUMNS FROM `menu` [ RunTime:0.0005s ]
SQL: SELECT * FROM `menu` WHERE ( up_id=0 ) ORDER BY show_order  [ RunTime:0.0001s ]
SQL: SELECT * FROM `menu` WHERE ( up_id!=0 ) ORDER BY show_order  [ RunTime:0.0001s ]
SQL: SHOW COLUMNS FROM `all_mess` [ RunTime:0.0004s ]
SQL: SELECT * FROM `all_mess`  [ RunTime:0.0001s ]
SQL: SELECT * FROM `all_mess` WHERE ( k='banner' ) LIMIT 1   [ RunTime:0.0001s ]
SQL: SHOW COLUMNS FROM `menu_cont` [ RunTime:0.0004s ]
SQL: SELECT * FROM `menu_cont` WHERE ( state=1 ) ORDER BY top_time DESC , created_at DESC LIMIT 10   [ RunTime:0.0001s ]
SQL: SELECT * FROM `menu_cont` WHERE ( state=1 ) ORDER BY created_at DESC LIMIT 10   [ RunTime:0.0001s ]
SQL: SELECT * FROM `menu_cont` WHERE ( state=1 ) ORDER BY click_num DESC LIMIT 10   [ RunTime:0.0001s ]
SQL: SHOW COLUMNS FROM `links` [ RunTime:0.0003s ]
SQL: SELECT * FROM `links` WHERE ( state=1 ) ORDER BY top_time DESC , show_order DESC LIMIT 8   [ RunTime:0.0001s ]
INFO: [ view_parse ] --START--
INFO: [ template_filter ] --START--
INFO: Run Behavior\ContentReplaceBehavior [ RunTime:0.000069s ]
INFO: [ template_filter ] --END-- [ RunTime:0.000115s ]
NOTIC: [8] Undefined variable: settings /opt/data/six/Runtime/Cache/Home/ab5fb2f5a76918df787758b2c2ca94c7.php Á¨¨ 188 Ë°å.
INFO: Run Behavior\ParseTemplateBehavior [ RunTime:0.015530s ]
INFO: [ view_parse ] --END-- [ RunTime:0.015585s ]
INFO: [ view_filter ] --START--
INFO: Run Behavior\WriteHtmlCacheBehavior [ RunTime:0.000119s ]
INFO: [ view_filter ] --END-- [ RunTime:0.000146s ]
INFO: [ app_end ] --START--
INFO: Run Behavior\ShowPageTraceBehavior [ RunTime:0.000322s ]
INFO: [ app_end ] --END-- [ RunTime:0.000359s ]

[ 2017-05-27T20:58:33+08:00 ] 103.47.214.195 /six/Home/Index/mlist/id/5
INFO: [ app_init ] --START--
INFO: Run Behavior\BuildLiteBehavior [ RunTime:0.000012s ]
INFO: [ app_init ] --END-- [ RunTime:0.000279s ]
INFO: [ app_begin ] --START--
INFO: Run Behavior\ReadHtmlCacheBehavior [ RunTime:0.000380s ]
INFO: [ app_begin ] --END-- [ RunTime:0.000420s ]
SQL: SHOW COLUMNS FROM `menu` [ RunTime:0.0005s ]
SQL: SELECT * FROM `menu` WHERE ( up_id=0 ) ORDER BY show_order  [ RunTime:0.0001s ]
SQL: SELECT * FROM `menu` WHERE ( up_id!=0 ) ORDER BY show_order  [ RunTime:0.0001s ]
SQL: SHOW COLUMNS FROM `all_mess` [ RunTime:0.0003s ]
SQL: SELECT * FROM `all_mess`  [ RunTime:0.0001s ]
SQL: SHOW COLUMNS FROM `menu_cont` [ RunTime:0.0003s ]
SQL: SELECT * FROM `menu_cont` WHERE ( state=1 and menu_id=5 ) ORDER BY top_time DESC , show_order DESC LIMIT 10   [ RunTime:0.0003s ]
SQL: SHOW COLUMNS FROM `menu` [ RunTime:0.0003s ]
SQL: SELECT * FROM `menu` WHERE `id` = 5 LIMIT 1   [ RunTime:0.0002s ]
SQL: SELECT * FROM `menu` WHERE ( up_id=1 and state=1 ) ORDER BY show_order LIMIT 4   [ RunTime:0.0001s ]
SQL: SELECT * FROM `menu_cont` WHERE ( state=1 ) ORDER BY click_num DESC LIMIT 10   [ RunTime:0.0001s ]
SQL: SELECT * FROM `menu` WHERE `id` = 1 LIMIT 1   [ RunTime:0.0001s ]
INFO: [ view_parse ] --START--
INFO: [ template_filter ] --START--
INFO: Run Behavior\ContentReplaceBehavior [ RunTime:0.000062s ]
INFO: [ template_filter ] --END-- [ RunTime:0.000124s ]
NOTIC: [8] Undefined variable: settings /opt/data/six/Runtime/Cache/Home/6dfe69ceb313e6b6039a09bb00cc2a75.php Á¨¨ 165 Ë°å.
INFO: Run Behavior\ParseTemplateBehavior [ RunTime:0.015668s ]
INFO: [ view_parse ] --END-- [ RunTime:0.015708s ]
INFO: [ view_filter ] --START--
INFO: Run Behavior\WriteHtmlCacheBehavior [ RunTime:0.000111s ]
INFO: [ view_filter ] --END-- [ RunTime:0.000136s ]
INFO: [ app_end ] --START--
INFO: Run Behavior\ShowPageTraceBehavior [ RunTime:0.000362s ]
INFO: [ app_end ] --END-- [ RunTime:0.000404s ]

[ 2017-05-27T20:58:36+08:00 ] 103.47.214.195 /six/Home/Index/mlist/id/7
INFO: [ app_init ] --START--
INFO: Run Behavior\BuildLiteBehavior [ RunTime:0.000012s ]
INFO: [ app_init ] --END-- [ RunTime:0.000296s ]
INFO: [ app_begin ] --START--
INFO: Run Behavior\ReadHtmlCacheBehavior [ RunTime:0.000374s ]
INFO: [ app_begin ] --END-- [ RunTime:0.000438s ]
SQL: SHOW COLUMNS FROM `menu` [ RunTime:0.0005s ]
SQL: SELECT * FROM `menu` WHERE ( up_id=0 ) ORDER BY show_order  [ RunTime:0.0001s ]
SQL: SELECT * FROM `menu` WHERE ( up_id!=0 ) ORDER BY show_order  [ RunTime:0.0001s ]
SQL: SHOW COLUMNS FROM `all_mess` [ RunTime:0.0003s ]
SQL: SELECT * FROM `all_mess`  [ RunTime:0.0001s ]
SQL: SHOW COLUMNS FROM `menu_cont` [ RunTime:0.0004s ]
SQL: SELECT * FROM `menu_cont` WHERE ( state=1 and menu_id=7 ) ORDER BY top_time DESC , show_order DESC LIMIT 10   [ RunTime:0.0004s ]
SQL: SHOW COLUMNS FROM `menu` [ RunTime:0.0004s ]
SQL: SELECT * FROM `menu` WHERE `id` = 7 LIMIT 1   [ RunTime:0.0001s ]
SQL: SELECT * FROM `menu` WHERE ( up_id=1 and state=1 ) ORDER BY show_order LIMIT 4   [ RunTime:0.0001s ]
SQL: SELECT * FROM `menu_cont` WHERE ( state=1 ) ORDER BY click_num DESC LIMIT 10   [ RunTime:0.0002s ]
SQL: SELECT * FROM `menu` WHERE `id` = 1 LIMIT 1   [ RunTime:0.0001s ]
INFO: [ view_parse ] --START--
INFO: [ template_filter ] --START--
INFO: Run Behavior\ContentReplaceBehavior [ RunTime:0.000071s ]
INFO: [ template_filter ] --END-- [ RunTime:0.000119s ]
NOTIC: [8] Undefined variable: settings /opt/data/six/Runtime/Cache/Home/6dfe69ceb313e6b6039a09bb00cc2a75.php Á¨¨ 165 Ë°å.
INFO: Run Behavior\ParseTemplateBehavior [ RunTime:0.016028s ]
INFO: [ view_parse ] --END-- [ RunTime:0.016080s ]
INFO: [ view_filter ] --START--
INFO: Run Behavior\WriteHtmlCacheBehavior [ RunTime:0.000111s ]
INFO: [ view_filter ] --END-- [ RunTime:0.000137s ]
INFO: [ app_end ] --START--
INFO: Run Behavior\ShowPageTraceBehavior [ RunTime:0.000329s ]
INFO: [ app_end ] --END-- [ RunTime:0.000364s ]

[ 2017-05-27T20:58:39+08:00 ] 103.47.214.195 /six/Home/Index/down/mid/9
INFO: [ app_init ] --START--
INFO: Run Behavior\BuildLiteBehavior [ RunTime:0.000012s ]
INFO: [ app_init ] --END-- [ RunTime:0.000259s ]
INFO: [ app_begin ] --START--
INFO: Run Behavior\ReadHtmlCacheBehavior [ RunTime:0.000288s ]
INFO: [ app_begin ] --END-- [ RunTime:0.000326s ]
SQL: SHOW COLUMNS FROM `menu` [ RunTime:0.0006s ]
SQL: SELECT * FROM `menu` WHERE ( up_id=0 ) ORDER BY show_order  [ RunTime:0.0001s ]
SQL: SELECT * FROM `menu` WHERE ( up_id!=0 ) ORDER BY show_order  [ RunTime:0.0001s ]
SQL: SHOW COLUMNS FROM `all_mess` [ RunTime:0.0005s ]
SQL: SELECT * FROM `all_mess`  [ RunTime:0.0001s ]
SQL: SHOW COLUMNS FROM `down` [ RunTime:0.0004s ]
SQL: SELECT * FROM `down` WHERE ( state=1 and menu_id=9 ) ORDER BY top_time DESC , show_order DESC LIMIT 8   [ RunTime:0.0001s ]
SQL: SHOW COLUMNS FROM `menu` [ RunTime:0.0004s ]
SQL: SELECT * FROM `menu` WHERE `id` = 9 LIMIT 1   [ RunTime:0.0001s ]
SQL: SELECT * FROM `menu` WHERE `id` = 2 LIMIT 1   [ RunTime:0.0001s ]
INFO: [ view_parse ] --START--
INFO: [ template_filter ] --START--
INFO: Run Behavior\ContentReplaceBehavior [ RunTime:0.000056s ]
INFO: [ template_filter ] --END-- [ RunTime:0.000104s ]
NOTIC: [8] Undefined variable: settings /opt/data/six/Runtime/Cache/Home/763981dd80a465eb7e2976cce2bc46cd.php Á¨¨ 127 Ë°å.
INFO: Run Behavior\ParseTemplateBehavior [ RunTime:0.012403s ]
INFO: [ view_parse ] --END-- [ RunTime:0.012443s ]
INFO: [ view_filter ] --START--
INFO: Run Behavior\WriteHtmlCacheBehavior [ RunTime:0.000123s ]
INFO: [ view_filter ] --END-- [ RunTime:0.000150s ]
INFO: [ app_end ] --START--
INFO: Run Behavior\ShowPageTraceBehavior [ RunTime:0.000328s ]
INFO: [ app_end ] --END-- [ RunTime:0.000366s ]

[ 2017-05-27T20:58:42+08:00 ] 103.47.214.195 /six/Home/Index/down/mid/%E7%9A%84%E5%8F%91%E6%94%BE%E7%AC%AC%E4%B8%89%E7%9A%84%E5%A4%8D%E8%8B%8F
INFO: [ app_init ] --START--
INFO: Run Behavior\BuildLiteBehavior [ RunTime:0.000017s ]
INFO: [ app_init ] --END-- [ RunTime:0.000537s ]
INFO: [ app_begin ] --START--
INFO: Run Behavior\ReadHtmlCacheBehavior [ RunTime:0.000363s ]
INFO: [ app_begin ] --END-- [ RunTime:0.000412s ]
SQL: SHOW COLUMNS FROM `menu` [ RunTime:0.0006s ]
SQL: SELECT * FROM `menu` WHERE ( up_id=0 ) ORDER BY show_order  [ RunTime:0.0001s ]
SQL: SELECT * FROM `menu` WHERE ( up_id!=0 ) ORDER BY show_order  [ RunTime:0.0001s ]
SQL: SHOW COLUMNS FROM `all_mess` [ RunTime:0.0004s ]
SQL: SELECT * FROM `all_mess`  [ RunTime:0.0001s ]
SQL: SHOW COLUMNS FROM `down` [ RunTime:0.0004s ]
ERR: 1054:Unknown column 'ÁöÑÂèëÊîæÁ¨¨‰∏âÁöÑÂ§çËãè' in 'where clause'
 [ SQLËØ≠Âè• ] : SELECT * FROM `down` WHERE ( state=1 and menu_id=ÁöÑÂèëÊîæÁ¨¨‰∏âÁöÑÂ§çËãè ) ORDER BY top_time DESC , show_order DESC LIMIT 8  
ERR: 1054:Unknown column 'ÁöÑÂèëÊîæÁ¨¨‰∏âÁöÑÂ§çËãè' in 'where clause'
 [ SQLËØ≠Âè• ] : SELECT * FROM `down` WHERE ( state=1 and menu_id=ÁöÑÂèëÊîæÁ¨¨‰∏âÁöÑÂ§çËãè ) ORDER BY top_time DESC , show_order DESC LIMIT 8  

[ 2017-05-27T20:58:43+08:00 ] 101.226.64.177 /six/Home/Index/mlist/id/5
INFO: [ app_init ] --START--
INFO: Run Behavior\BuildLiteBehavior [ RunTime:0.000015s ]
INFO: [ app_init ] --END-- [ RunTime:0.000289s ]
INFO: [ app_begin ] --START--
INFO: Run Behavior\ReadHtmlCacheBehavior [ RunTime:0.000328s ]
INFO: [ app_begin ] --END-- [ RunTime:0.000376s ]
SQL: SHOW COLUMNS FROM `menu` [ RunTime:0.0005s ]
SQL: SELECT * FROM `menu` WHERE ( up_id=0 ) ORDER BY show_order  [ RunTime:0.0001s ]
SQL: SELECT * FROM `menu` WHERE ( up_id!=0 ) ORDER BY show_order  [ RunTime:0.0001s ]
SQL: SHOW COLUMNS FROM `all_mess` [ RunTime:0.0003s ]
SQL: SELECT * FROM `all_mess`  [ RunTime:0.0001s ]
SQL: SHOW COLUMNS FROM `menu_cont` [ RunTime:0.0005s ]
SQL: SELECT * FROM `menu_cont` WHERE ( state=1 and menu_id=5 ) ORDER BY top_time DESC , show_order DESC LIMIT 10   [ RunTime:0.0001s ]
SQL: SHOW COLUMNS FROM `menu` [ RunTime:0.0003s ]
SQL: SELECT * FROM `menu` WHERE `id` = 5 LIMIT 1   [ RunTime:0.0001s ]
SQL: SELECT * FROM `menu` WHERE ( up_id=1 and state=1 ) ORDER BY show_order LIMIT 4   [ RunTime:0.0001s ]
SQL: SELECT * FROM `menu_cont` WHERE ( state=1 ) ORDER BY click_num DESC LIMIT 10   [ RunTime:0.0001s ]
SQL: SELECT * FROM `menu` WHERE `id` = 1 LIMIT 1   [ RunTime:0.0001s ]
INFO: [ view_parse ] --START--
INFO: [ template_filter ] --START--
INFO: Run Behavior\ContentReplaceBehavior [ RunTime:0.000063s ]
INFO: [ template_filter ] --END-- [ RunTime:0.000109s ]
NOTIC: [8] Undefined variable: settings /opt/data/six/Runtime/Cache/Home/6dfe69ceb313e6b6039a09bb00cc2a75.php Á¨¨ 165 Ë°å.
INFO: Run Behavior\ParseTemplateBehavior [ RunTime:0.015418s ]
INFO: [ view_parse ] --END-- [ RunTime:0.015454s ]
INFO: [ view_filter ] --START--
INFO: Run Behavior\WriteHtmlCacheBehavior [ RunTime:0.000111s ]
INFO: [ view_filter ] --END-- [ RunTime:0.000138s ]
INFO: [ app_end ] --START--
INFO: Run Behavior\ShowPageTraceBehavior [ RunTime:0.000325s ]
INFO: [ app_end ] --END-- [ RunTime:0.000364s ]

[ 2017-05-27T20:58:46+08:00 ] 180.153.206.20 /six/Home/Index/mlist/id/7
INFO: [ app_init ] --START--
INFO: Run Behavior\BuildLiteBehavior [ RunTime:0.000013s ]
INFO: [ app_init ] --END-- [ RunTime:0.000330s ]
INFO: [ app_begin ] --START--
INFO: Run Behavior\ReadHtmlCacheBehavior [ RunTime:0.000428s ]
INFO: [ app_begin ] --END-- [ RunTime:0.000464s ]
SQL: SHOW COLUMNS FROM `menu` [ RunTime:0.0006s ]
SQL: SELECT * FROM `menu` WHERE ( up_id=0 ) ORDER BY show_order  [ RunTime:0.0001s ]
SQL: SELECT * FROM `menu` WHERE ( up_id!=0 ) ORDER BY show_order  [ RunTime:0.0001s ]
SQL: SHOW COLUMNS FROM `all_mess` [ RunTime:0.0004s ]
SQL: SELECT * FROM `all_mess`  [ RunTime:0.0001s ]
SQL: SHOW COLUMNS FROM `menu_cont` [ RunTime:0.0005s ]
SQL: SELECT * FROM `menu_cont` WHERE ( state=1 and menu_id=7 ) ORDER BY top_time DESC , show_order DESC LIMIT 10   [ RunTime:0.0001s ]
SQL: SHOW COLUMNS FROM `menu` [ RunTime:0.0004s ]
SQL: SELECT * FROM `menu` WHERE `id` = 7 LIMIT 1   [ RunTime:0.0001s ]
SQL: SELECT * FROM `menu` WHERE ( up_id=1 and state=1 ) ORDER BY show_order LIMIT 4   [ RunTime:0.0001s ]
SQL: SELECT * FROM `menu_cont` WHERE ( state=1 ) ORDER BY click_num DESC LIMIT 10   [ RunTime:0.0001s ]
SQL: SELECT * FROM `menu` WHERE `id` = 1 LIMIT 1   [ RunTime:0.0001s ]
INFO: [ view_parse ] --START--
INFO: [ template_filter ] --START--
INFO: Run Behavior\ContentReplaceBehavior [ RunTime:0.000089s ]
INFO: [ template_filter ] --END-- [ RunTime:0.000166s ]
NOTIC: [8] Undefined variable: settings /opt/data/six/Runtime/Cache/Home/6dfe69ceb313e6b6039a09bb00cc2a75.php Á¨¨ 165 Ë°å.
INFO: Run Behavior\ParseTemplateBehavior [ RunTime:0.019196s ]
INFO: [ view_parse ] --END-- [ RunTime:0.019250s ]
INFO: [ view_filter ] --START--
INFO: Run Behavior\WriteHtmlCacheBehavior [ RunTime:0.000126s ]
INFO: [ view_filter ] --END-- [ RunTime:0.000159s ]
INFO: [ app_end ] --START--
INFO: Run Behavior\ShowPageTraceBehavior [ RunTime:0.000427s ]
INFO: [ app_end ] --END-- [ RunTime:0.000472s ]

[ 2017-05-27T20:58:49+08:00 ] 101.226.51.230 /six/Home/Index/down/mid/9
INFO: [ app_init ] --START--
INFO: Run Behavior\BuildLiteBehavior [ RunTime:0.000014s ]
INFO: [ app_init ] --END-- [ RunTime:0.000249s ]
INFO: [ app_begin ] --START--
INFO: Run Behavior\ReadHtmlCacheBehavior [ RunTime:0.000280s ]
INFO: [ app_begin ] --END-- [ RunTime:0.000325s ]
SQL: SHOW COLUMNS FROM `menu` [ RunTime:0.0004s ]
SQL: SELECT * FROM `menu` WHERE ( up_id=0 ) ORDER BY show_order  [ RunTime:0.0001s ]
SQL: SELECT * FROM `menu` WHERE ( up_id!=0 ) ORDER BY show_order  [ RunTime:0.0001s ]
SQL: SHOW COLUMNS FROM `all_mess` [ RunTime:0.0004s ]
SQL: SELECT * FROM `all_mess`  [ RunTime:0.0001s ]
SQL: SHOW COLUMNS FROM `down` [ RunTime:0.0004s ]
SQL: SELECT * FROM `down` WHERE ( state=1 and menu_id=9 ) ORDER BY top_time DESC , show_order DESC LIMIT 8   [ RunTime:0.0001s ]
SQL: SHOW COLUMNS FROM `menu` [ RunTime:0.0003s ]
SQL: SELECT * FROM `menu` WHERE `id` = 9 LIMIT 1   [ RunTime:0.0001s ]
SQL: SELECT * FROM `menu` WHERE `id` = 2 LIMIT 1   [ RunTime:0.0001s ]
INFO: [ view_parse ] --START--
INFO: [ template_filter ] --START--
INFO: Run Behavior\ContentReplaceBehavior [ RunTime:0.000057s ]
INFO: [ template_filter ] --END-- [ RunTime:0.000103s ]
NOTIC: [8] Undefined variable: settings /opt/data/six/Runtime/Cache/Home/763981dd80a465eb7e2976cce2bc46cd.php Á¨¨ 127 Ë°å.
INFO: Run Behavior\ParseTemplateBehavior [ RunTime:0.011949s ]
INFO: [ view_parse ] --END-- [ RunTime:0.011985s ]
INFO: [ view_filter ] --START--
INFO: Run Behavior\WriteHtmlCacheBehavior [ RunTime:0.000131s ]
INFO: [ view_filter ] --END-- [ RunTime:0.000158s ]
INFO: [ app_end ] --START--
INFO: Run Behavior\ShowPageTraceBehavior [ RunTime:0.000305s ]
INFO: [ app_end ] --END-- [ RunTime:0.000341s ]

[ 2017-05-27T20:58:52+08:00 ] 101.226.64.177 /six/Home/Index/down/mid/???????????????????°Ë?®®??
INFO: [ app_init ] --START--
INFO: Run Behavior\BuildLiteBehavior [ RunTime:0.000018s ]
INFO: [ app_init ] --END-- [ RunTime:0.000370s ]
INFO: [ app_begin ] --START--
INFO: Run Behavior\ReadHtmlCacheBehavior [ RunTime:0.000320s ]
INFO: [ app_begin ] --END-- [ RunTime:0.000363s ]
SQL: SHOW COLUMNS FROM `menu` [ RunTime:0.0005s ]
SQL: SELECT * FROM `menu` WHERE ( up_id=0 ) ORDER BY show_order  [ RunTime:0.0001s ]
SQL: SELECT * FROM `menu` WHERE ( up_id!=0 ) ORDER BY show_order  [ RunTime:0.0001s ]
SQL: SHOW COLUMNS FROM `all_mess` [ RunTime:0.0004s ]
SQL: SELECT * FROM `all_mess`  [ RunTime:0.0001s ]
SQL: SHOW COLUMNS FROM `down` [ RunTime:0.0004s ]
ERR: 1064:You have an error in your SQL syntax; check the manual that corresponds to your MariaDB server version for the right syntax to use near ') ORDER BY top_time DESC , show_order DESC LIMIT 8' at line 1
 [ SQLËØ≠Âè• ] : SELECT * FROM `down` WHERE ( state=1 and menu_id= ) ORDER BY top_time DESC , show_order DESC LIMIT 8  
ERR: 1064:You have an error in your SQL syntax; check the manual that corresponds to your MariaDB server version for the right syntax to use near ') ORDER BY top_time DESC , show_order DESC LIMIT 8' at line 1
 [ SQLËØ≠Âè• ] : SELECT * FROM `down` WHERE ( state=1 and menu_id= ) ORDER BY top_time DESC , show_order DESC LIMIT 8  

[ 2017-05-27T20:59:23+08:00 ] 103.47.214.195 /six/Home/Index/down/mid/10
INFO: [ app_init ] --START--
INFO: Run Behavior\BuildLiteBehavior [ RunTime:0.000018s ]
INFO: [ app_init ] --END-- [ RunTime:0.000346s ]
INFO: [ app_begin ] --START--
INFO: Run Behavior\ReadHtmlCacheBehavior [ RunTime:0.000560s ]
INFO: [ app_begin ] --END-- [ RunTime:0.000615s ]
SQL: SHOW COLUMNS FROM `menu` [ RunTime:0.0005s ]
SQL: SELECT * FROM `menu` WHERE ( up_id=0 ) ORDER BY show_order  [ RunTime:0.0001s ]
SQL: SELECT * FROM `menu` WHERE ( up_id!=0 ) ORDER BY show_order  [ RunTime:0.0001s ]
SQL: SHOW COLUMNS FROM `all_mess` [ RunTime:0.0003s ]
SQL: SELECT * FROM `all_mess`  [ RunTime:0.0001s ]
SQL: SHOW COLUMNS FROM `down` [ RunTime:0.0004s ]
SQL: SELECT * FROM `down` WHERE ( state=1 and menu_id=10 ) ORDER BY top_time DESC , show_order DESC LIMIT 8   [ RunTime:0.0001s ]
SQL: SHOW COLUMNS FROM `menu` [ RunTime:0.0004s ]
SQL: SELECT * FROM `menu` WHERE `id` = 10 LIMIT 1   [ RunTime:0.0001s ]
SQL: SELECT * FROM `menu` WHERE `id` = 2 LIMIT 1   [ RunTime:0.0001s ]
INFO: [ view_parse ] --START--
INFO: [ template_filter ] --START--
INFO: Run Behavior\ContentReplaceBehavior [ RunTime:0.000083s ]
INFO: [ template_filter ] --END-- [ RunTime:0.000232s ]
NOTIC: [8] Undefined variable: settings /opt/data/six/Runtime/Cache/Home/763981dd80a465eb7e2976cce2bc46cd.php Á¨¨ 127 Ë°å.
INFO: Run Behavior\ParseTemplateBehavior [ RunTime:0.012360s ]
INFO: [ view_parse ] --END-- [ RunTime:0.012398s ]
INFO: [ view_filter ] --START--
INFO: Run Behavior\WriteHtmlCacheBehavior [ RunTime:0.000108s ]
INFO: [ view_filter ] --END-- [ RunTime:0.000135s ]
INFO: [ app_end ] --START--
INFO: Run Behavior\ShowPageTraceBehavior [ RunTime:0.000323s ]
INFO: [ app_end ] --END-- [ RunTime:0.000367s ]

[ 2017-05-27T20:59:41+08:00 ] 103.47.214.195 /six/Home/Index/diary
INFO: [ app_init ] --START--
INFO: Run Behavior\BuildLiteBehavior [ RunTime:0.000018s ]
INFO: [ app_init ] --END-- [ RunTime:0.000284s ]
INFO: [ app_begin ] --START--
INFO: Run Behavior\ReadHtmlCacheBehavior [ RunTime:0.000304s ]
INFO: [ app_begin ] --END-- [ RunTime:0.000346s ]
SQL: SHOW COLUMNS FROM `menu` [ RunTime:0.0005s ]
SQL: SELECT * FROM `menu` WHERE ( up_id=0 ) ORDER BY show_order  [ RunTime:0.0001s ]
SQL: SELECT * FROM `menu` WHERE ( up_id!=0 ) ORDER BY show_order  [ RunTime:0.0001s ]
SQL: SHOW COLUMNS FROM `all_mess` [ RunTime:0.0003s ]
SQL: SELECT * FROM `all_mess`  [ RunTime:0.0001s ]
SQL: SHOW COLUMNS FROM `diary` [ RunTime:0.0004s ]
SQL: SELECT * FROM `diary` WHERE ( state=1 ) ORDER BY top_time DESC , created_at DESC LIMIT 10   [ RunTime:0.0001s ]
INFO: [ view_parse ] --START--
INFO: [ template_filter ] --START--
INFO: Run Behavior\ContentReplaceBehavior [ RunTime:0.000056s ]
INFO: [ template_filter ] --END-- [ RunTime:0.000101s ]
NOTIC: [8] Undefined variable: settings /opt/data/six/Runtime/Cache/Home/ec9ddffae84f7bc56a2868abca63744f.php Á¨¨ 120 Ë°å.
INFO: Run Behavior\ParseTemplateBehavior [ RunTime:0.013400s ]
INFO: [ view_parse ] --END-- [ RunTime:0.013444s ]
INFO: [ view_filter ] --START--
INFO: Run Behavior\WriteHtmlCacheBehavior [ RunTime:0.000115s ]
INFO: [ view_filter ] --END-- [ RunTime:0.000145s ]
INFO: [ app_end ] --START--
INFO: Run Behavior\ShowPageTraceBehavior [ RunTime:0.000319s ]
INFO: [ app_end ] --END-- [ RunTime:0.000353s ]

[ 2017-05-27T20:59:47+08:00 ] 103.47.214.195 /six/Home/Index/index.html
INFO: [ app_init ] --START--
INFO: Run Behavior\BuildLiteBehavior [ RunTime:0.000025s ]
INFO: [ app_init ] --END-- [ RunTime:0.000244s ]
INFO: [ app_begin ] --START--
INFO: Run Behavior\ReadHtmlCacheBehavior [ RunTime:0.000278s ]
INFO: [ app_begin ] --END-- [ RunTime:0.000325s ]
SQL: SHOW COLUMNS FROM `menu` [ RunTime:0.0006s ]
SQL: SELECT * FROM `menu` WHERE ( up_id=0 ) ORDER BY show_order  [ RunTime:0.0001s ]
SQL: SELECT * FROM `menu` WHERE ( up_id!=0 ) ORDER BY show_order  [ RunTime:0.0001s ]
SQL: SHOW COLUMNS FROM `all_mess` [ RunTime:0.0016s ]
SQL: SELECT * FROM `all_mess`  [ RunTime:0.0002s ]
SQL: SELECT * FROM `all_mess` WHERE ( k='banner' ) LIMIT 1   [ RunTime:0.0001s ]
SQL: SHOW COLUMNS FROM `menu_cont` [ RunTime:0.0004s ]
SQL: SELECT * FROM `menu_cont` WHERE ( state=1 ) ORDER BY top_time DESC , created_at DESC LIMIT 10   [ RunTime:0.0001s ]
SQL: SELECT * FROM `menu_cont` WHERE ( state=1 ) ORDER BY created_at DESC LIMIT 10   [ RunTime:0.0001s ]
SQL: SELECT * FROM `menu_cont` WHERE ( state=1 ) ORDER BY click_num DESC LIMIT 10   [ RunTime:0.0001s ]
SQL: SHOW COLUMNS FROM `links` [ RunTime:0.0004s ]
SQL: SELECT * FROM `links` WHERE ( state=1 ) ORDER BY top_time DESC , show_order DESC LIMIT 8   [ RunTime:0.0001s ]
INFO: [ view_parse ] --START--
INFO: [ template_filter ] --START--
INFO: Run Behavior\ContentReplaceBehavior [ RunTime:0.000072s ]
INFO: [ template_filter ] --END-- [ RunTime:0.000122s ]
NOTIC: [8] Undefined variable: settings /opt/data/six/Runtime/Cache/Home/ab5fb2f5a76918df787758b2c2ca94c7.php Á¨¨ 188 Ë°å.
INFO: Run Behavior\ParseTemplateBehavior [ RunTime:0.015603s ]
INFO: [ view_parse ] --END-- [ RunTime:0.015639s ]
INFO: [ view_filter ] --START--
INFO: Run Behavior\WriteHtmlCacheBehavior [ RunTime:0.000105s ]
INFO: [ view_filter ] --END-- [ RunTime:0.000131s ]
INFO: [ app_end ] --START--
INFO: Run Behavior\ShowPageTraceBehavior [ RunTime:0.000327s ]
INFO: [ app_end ] --END-- [ RunTime:0.000375s ]

[ 2017-05-27T20:59:51+08:00 ] 101.226.33.219 /six/Home/Index/diary
INFO: [ app_init ] --START--
INFO: Run Behavior\BuildLiteBehavior [ RunTime:0.000012s ]
INFO: [ app_init ] --END-- [ RunTime:0.000221s ]
INFO: [ app_begin ] --START--
INFO: Run Behavior\ReadHtmlCacheBehavior [ RunTime:0.000303s ]
INFO: [ app_begin ] --END-- [ RunTime:0.000347s ]
SQL: SHOW COLUMNS FROM `menu` [ RunTime:0.0007s ]
SQL: SELECT * FROM `menu` WHERE ( up_id=0 ) ORDER BY show_order  [ RunTime:0.0001s ]
SQL: SELECT * FROM `menu` WHERE ( up_id!=0 ) ORDER BY show_order  [ RunTime:0.0001s ]
SQL: SHOW COLUMNS FROM `all_mess` [ RunTime:0.0004s ]
SQL: SELECT * FROM `all_mess`  [ RunTime:0.0001s ]
SQL: SHOW COLUMNS FROM `diary` [ RunTime:0.0005s ]
SQL: SELECT * FROM `diary` WHERE ( state=1 ) ORDER BY top_time DESC , created_at DESC LIMIT 10   [ RunTime:0.0001s ]
INFO: [ view_parse ] --START--
INFO: [ template_filter ] --START--
INFO: Run Behavior\ContentReplaceBehavior [ RunTime:0.000082s ]
INFO: [ template_filter ] --END-- [ RunTime:0.000158s ]
NOTIC: [8] Undefined variable: settings /opt/data/six/Runtime/Cache/Home/ec9ddffae84f7bc56a2868abca63744f.php Á¨¨ 120 Ë°å.
INFO: Run Behavior\ParseTemplateBehavior [ RunTime:0.016523s ]
INFO: [ view_parse ] --END-- [ RunTime:0.016576s ]
INFO: [ view_filter ] --START--
INFO: Run Behavior\WriteHtmlCacheBehavior [ RunTime:0.000148s ]
INFO: [ view_filter ] --END-- [ RunTime:0.000187s ]
INFO: [ app_end ] --START--
INFO: Run Behavior\ShowPageTraceBehavior [ RunTime:0.000487s ]
INFO: [ app_end ] --END-- [ RunTime:0.000540s ]

[ 2017-05-27T20:59:57+08:00 ] 180.153.206.16 /six/Home/Index/index.html
INFO: [ app_init ] --START--
INFO: Run Behavior\BuildLiteBehavior [ RunTime:0.000013s ]
INFO: [ app_init ] --END-- [ RunTime:0.000231s ]
INFO: [ app_begin ] --START--
INFO: Run Behavior\ReadHtmlCacheBehavior [ RunTime:0.000350s ]
INFO: [ app_begin ] --END-- [ RunTime:0.000395s ]
SQL: SHOW COLUMNS FROM `menu` [ RunTime:0.0005s ]
SQL: SELECT * FROM `menu` WHERE ( up_id=0 ) ORDER BY show_order  [ RunTime:0.0001s ]
SQL: SELECT * FROM `menu` WHERE ( up_id!=0 ) ORDER BY show_order  [ RunTime:0.0001s ]
SQL: SHOW COLUMNS FROM `all_mess` [ RunTime:0.0003s ]
SQL: SELECT * FROM `all_mess`  [ RunTime:0.0001s ]
SQL: SELECT * FROM `all_mess` WHERE ( k='banner' ) LIMIT 1   [ RunTime:0.0001s ]
SQL: SHOW COLUMNS FROM `menu_cont` [ RunTime:0.0004s ]
SQL: SELECT * FROM `menu_cont` WHERE ( state=1 ) ORDER BY top_time DESC , created_at DESC LIMIT 10   [ RunTime:0.0001s ]
SQL: SELECT * FROM `menu_cont` WHERE ( state=1 ) ORDER BY created_at DESC LIMIT 10   [ RunTime:0.0001s ]
SQL: SELECT * FROM `menu_cont` WHERE ( state=1 ) ORDER BY click_num DESC LIMIT 10   [ RunTime:0.0001s ]
SQL: SHOW COLUMNS FROM `links` [ RunTime:0.0004s ]
SQL: SELECT * FROM `links` WHERE ( state=1 ) ORDER BY top_time DESC , show_order DESC LIMIT 8   [ RunTime:0.0001s ]
INFO: [ view_parse ] --START--
INFO: [ template_filter ] --START--
INFO: Run Behavior\ContentReplaceBehavior [ RunTime:0.000067s ]
INFO: [ template_filter ] --END-- [ RunTime:0.000115s ]
NOTIC: [8] Undefined variable: settings /opt/data/six/Runtime/Cache/Home/ab5fb2f5a76918df787758b2c2ca94c7.php Á¨¨ 188 Ë°å.
INFO: Run Behavior\ParseTemplateBehavior [ RunTime:0.015933s ]
INFO: [ view_parse ] --END-- [ RunTime:0.015995s ]
INFO: [ view_filter ] --START--
INFO: Run Behavior\WriteHtmlCacheBehavior [ RunTime:0.000168s ]
INFO: [ view_filter ] --END-- [ RunTime:0.000235s ]
INFO: [ app_end ] --START--
INFO: Run Behavior\ShowPageTraceBehavior [ RunTime:0.000428s ]
INFO: [ app_end ] --END-- [ RunTime:0.000478s ]

[ 2017-05-27T23:18:18+08:00 ] 101.226.68.215 /six/Home/Index/mlist/id/7
INFO: [ app_init ] --START--
INFO: Run Behavior\BuildLiteBehavior [ RunTime:0.000018s ]
INFO: [ app_init ] --END-- [ RunTime:0.000354s ]
INFO: [ app_begin ] --START--
INFO: Run Behavior\ReadHtmlCacheBehavior [ RunTime:0.000495s ]
INFO: [ app_begin ] --END-- [ RunTime:0.000550s ]
SQL: SHOW COLUMNS FROM `menu` [ RunTime:0.0005s ]
SQL: SELECT * FROM `menu` WHERE ( up_id=0 ) ORDER BY show_order  [ RunTime:0.0001s ]
SQL: SELECT * FROM `menu` WHERE ( up_id!=0 ) ORDER BY show_order  [ RunTime:0.0001s ]
SQL: SHOW COLUMNS FROM `all_mess` [ RunTime:0.0003s ]
SQL: SELECT * FROM `all_mess`  [ RunTime:0.0001s ]
SQL: SHOW COLUMNS FROM `menu_cont` [ RunTime:0.0005s ]
SQL: SELECT * FROM `menu_cont` WHERE ( state=1 and menu_id=7 ) ORDER BY top_time DESC , show_order DESC LIMIT 10   [ RunTime:0.0001s ]
SQL: SHOW COLUMNS FROM `menu` [ RunTime:0.0005s ]
SQL: SELECT * FROM `menu` WHERE `id` = 7 LIMIT 1   [ RunTime:0.0001s ]
SQL: SELECT * FROM `menu` WHERE ( up_id=1 and state=1 ) ORDER BY show_order LIMIT 4   [ RunTime:0.0001s ]
SQL: SELECT * FROM `menu_cont` WHERE ( state=1 ) ORDER BY click_num DESC LIMIT 10   [ RunTime:0.0001s ]
SQL: SELECT * FROM `menu` WHERE `id` = 1 LIMIT 1   [ RunTime:0.0001s ]
INFO: [ view_parse ] --START--
INFO: [ template_filter ] --START--
INFO: Run Behavior\ContentReplaceBehavior [ RunTime:0.000064s ]
INFO: [ template_filter ] --END-- [ RunTime:0.000110s ]
NOTIC: [8] Undefined variable: settings /opt/data/six/Runtime/Cache/Home/6dfe69ceb313e6b6039a09bb00cc2a75.php Á¨¨ 165 Ë°å.
INFO: Run Behavior\ParseTemplateBehavior [ RunTime:0.014090s ]
INFO: [ view_parse ] --END-- [ RunTime:0.014138s ]
INFO: [ view_filter ] --START--
INFO: Run Behavior\WriteHtmlCacheBehavior [ RunTime:0.000157s ]
INFO: [ view_filter ] --END-- [ RunTime:0.000201s ]
INFO: [ app_end ] --START--
INFO: Run Behavior\ShowPageTraceBehavior [ RunTime:0.000492s ]
INFO: [ app_end ] --END-- [ RunTime:0.000566s ]

[ 2017-05-27T23:36:23+08:00 ] 183.57.53.222 /six/Home/Index/mlist/id/5
INFO: [ app_init ] --START--
INFO: Run Behavior\BuildLiteBehavior [ RunTime:0.000013s ]
INFO: [ app_init ] --END-- [ RunTime:0.000296s ]
INFO: [ app_begin ] --START--
INFO: Run Behavior\ReadHtmlCacheBehavior [ RunTime:0.000352s ]
INFO: [ app_begin ] --END-- [ RunTime:0.000394s ]
SQL: SHOW COLUMNS FROM `menu` [ RunTime:0.0005s ]
SQL: SELECT * FROM `menu` WHERE ( up_id=0 ) ORDER BY show_order  [ RunTime:0.0001s ]
SQL: SELECT * FROM `menu` WHERE ( up_id!=0 ) ORDER BY show_order  [ RunTime:0.0001s ]
SQL: SHOW COLUMNS FROM `all_mess` [ RunTime:0.0003s ]
SQL: SELECT * FROM `all_mess`  [ RunTime:0.0001s ]
SQL: SHOW COLUMNS FROM `menu_cont` [ RunTime:0.0004s ]
SQL: SELECT * FROM `menu_cont` WHERE ( state=1 and menu_id=5 ) ORDER BY top_time DESC , show_order DESC LIMIT 10   [ RunTime:0.0001s ]
SQL: SHOW COLUMNS FROM `menu` [ RunTime:0.0004s ]
SQL: SELECT * FROM `menu` WHERE `id` = 5 LIMIT 1   [ RunTime:0.0001s ]
SQL: SELECT * FROM `menu` WHERE ( up_id=1 and state=1 ) ORDER BY show_order LIMIT 4   [ RunTime:0.0001s ]
SQL: SELECT * FROM `menu_cont` WHERE ( state=1 ) ORDER BY click_num DESC LIMIT 10   [ RunTime:0.0001s ]
SQL: SELECT * FROM `menu` WHERE `id` = 1 LIMIT 1   [ RunTime:0.0001s ]
INFO: [ view_parse ] --START--
INFO: [ template_filter ] --START--
INFO: Run Behavior\ContentReplaceBehavior [ RunTime:0.000065s ]
INFO: [ template_filter ] --END-- [ RunTime:0.000129s ]
NOTIC: [8] Undefined variable: settings /opt/data/six/Runtime/Cache/Home/6dfe69ceb313e6b6039a09bb00cc2a75.php Á¨¨ 165 Ë°å.
INFO: Run Behavior\ParseTemplateBehavior [ RunTime:0.014206s ]
INFO: [ view_parse ] --END-- [ RunTime:0.014244s ]
INFO: [ view_filter ] --START--
INFO: Run Behavior\WriteHtmlCacheBehavior [ RunTime:0.000113s ]
INFO: [ view_filter ] --END-- [ RunTime:0.000139s ]
INFO: [ app_end ] --START--
INFO: Run Behavior\ShowPageTraceBehavior [ RunTime:0.000351s ]
INFO: [ app_end ] --END-- [ RunTime:0.000400s ]

[ 2017-05-27T23:52:35+08:00 ] 112.90.82.218 /six/Home/Index/diary
INFO: [ app_init ] --START--
INFO: Run Behavior\BuildLiteBehavior [ RunTime:0.000018s ]
INFO: [ app_init ] --END-- [ RunTime:0.000366s ]
INFO: [ app_begin ] --START--
INFO: Run Behavior\ReadHtmlCacheBehavior [ RunTime:0.000460s ]
INFO: [ app_begin ] --END-- [ RunTime:0.000515s ]
SQL: SHOW COLUMNS FROM `menu` [ RunTime:0.0006s ]
SQL: SELECT * FROM `menu` WHERE ( up_id=0 ) ORDER BY show_order  [ RunTime:0.0001s ]
SQL: SELECT * FROM `menu` WHERE ( up_id!=0 ) ORDER BY show_order  [ RunTime:0.0001s ]
SQL: SHOW COLUMNS FROM `all_mess` [ RunTime:0.0005s ]
SQL: SELECT * FROM `all_mess`  [ RunTime:0.0001s ]
SQL: SHOW COLUMNS FROM `diary` [ RunTime:0.0005s ]
SQL: SELECT * FROM `diary` WHERE ( state=1 ) ORDER BY top_time DESC , created_at DESC LIMIT 10   [ RunTime:0.0001s ]
INFO: [ view_parse ] --START--
INFO: [ template_filter ] --START--
INFO: Run Behavior\ContentReplaceBehavior [ RunTime:0.000084s ]
INFO: [ template_filter ] --END-- [ RunTime:0.000160s ]
NOTIC: [8] Undefined variable: settings /opt/data/six/Runtime/Cache/Home/ec9ddffae84f7bc56a2868abca63744f.php Á¨¨ 120 Ë°å.
INFO: Run Behavior\ParseTemplateBehavior [ RunTime:0.019012s ]
INFO: [ view_parse ] --END-- [ RunTime:0.019092s ]
INFO: [ view_filter ] --START--
INFO: Run Behavior\WriteHtmlCacheBehavior [ RunTime:0.000156s ]
INFO: [ view_filter ] --END-- [ RunTime:0.000197s ]
INFO: [ app_end ] --START--
INFO: Run Behavior\ShowPageTraceBehavior [ RunTime:0.000561s ]
INFO: [ app_end ] --END-- [ RunTime:0.000611s ]

